2025-02-17 10:00:27+0800: Running with following config:
allowResignation = true
lagBuffer = 1.0
logAllGTPCommunication = true
logDir = gtp_logs
logSearchInfo = true
logSearchInfoForChosenMove = false
logToStderr = true
maxTime = 5.0
maxTimePondering = 60.0
maxVisits = 500
numSearchThreads = 4
ponderingEnabled = false
resignConsecTurns = 3
resignThreshold = -0.90
rules = tromp-taylor
searchFactorAfterOnePass = 0.50
searchFactorAfterTwoPass = 0.25
searchFactorWhenWinning = 0.40
searchFactorWhenWinningThreshold = 0.95

2025-02-17 10:00:27+0800: GTP Engine starting...
2025-02-17 10:00:27+0800: KataGo v1.15.0
2025-02-17 10:00:27+0800: Using TrompTaylor rules initially, unless GTP/GUI overrides this
2025-02-17 10:00:27+0800: Using 4 CPU thread(s) for search
2025-02-17 10:00:27+0800: nnRandSeed0 = 5848823031055405102
2025-02-17 10:00:27+0800: After dedups: nnModelFile0 = D:\download\katago-v1.15.0-eigen-windows-x64\kata1-b10c128-s41138688-d27396855.txt.gz useFP16 auto useNHWC auto
2025-02-17 10:00:27+0800: Initializing neural net buffer to be size 19 * 19 exactly
2025-02-17 10:00:29+0800: Eigen (CPU) backend thread 2: Model version 8
2025-02-17 10:00:29+0800: Eigen (CPU) backend thread 2: Model name: b10c128-s41138688-d27396855
2025-02-17 10:00:29+0800: Eigen (CPU) backend thread 1: Model version 8
2025-02-17 10:00:29+0800: Eigen (CPU) backend thread 1: Model name: b10c128-s41138688-d27396855
2025-02-17 10:00:29+0800: Eigen (CPU) backend thread 3: Model version 8
2025-02-17 10:00:29+0800: Eigen (CPU) backend thread 3: Model name: b10c128-s41138688-d27396855
2025-02-17 10:00:29+0800: Eigen (CPU) backend thread 0: Model version 8
2025-02-17 10:00:29+0800: Eigen (CPU) backend thread 0: Model name: b10c128-s41138688-d27396855
2025-02-17 10:00:29+0800: Loaded neural net with nnXLen 19 nnYLen 19
2025-02-17 10:00:29+0800: Initializing board with boardXSize 19 boardYSize 19
2025-02-17 10:00:29+0800: Loaded config D:\download\katago-v1.15.0-eigen-windows-x64\default_gtp.cfg
2025-02-17 10:00:29+0800: Loaded model D:\download\katago-v1.15.0-eigen-windows-x64\kata1-b10c128-s41138688-d27396855.txt.gz
2025-02-17 10:00:29+0800: Model name: b10c128-s41138688-d27396855
2025-02-17 10:00:29+0800: GTP ready, beginning main protocol loop
2025-02-17 10:02:33+0800: GPU -1 finishing, processed 0 rows 0 batches
2025-02-17 10:02:33+0800: GPU -1 finishing, processed 0 rows 0 batches
2025-02-17 10:02:33+0800: GPU -1 finishing, processed 0 rows 0 batches
2025-02-17 10:02:33+0800: GPU -1 finishing, processed 0 rows 0 batches
2025-02-17 10:02:33+0800: All cleaned up, quitting
