2025-02-17 09:45:43+0800: Running with following config:
allowResignation = true
lagBuffer = 1.0
logAllGTPCommunication = true
logDir = gtp_logs
logSearchInfo = true
logSearchInfoForChosenMove = false
logToStderr = true
maxTime = 5.0
maxTimePondering = 60.0
maxVisits = 500
numSearchThreads = 4
ponderingEnabled = false
resignConsecTurns = 3
resignThreshold = -0.90
rules = tromp-taylor
searchFactorAfterOnePass = 0.50
searchFactorAfterTwoPass = 0.25
searchFactorWhenWinning = 0.40
searchFactorWhenWinningThreshold = 0.95

2025-02-17 09:45:43+0800: GTP Engine starting...
2025-02-17 09:45:43+0800: KataGo v1.15.0
2025-02-17 09:45:43+0800: Using TrompTaylor rules initially, unless GTP/GUI overrides this
2025-02-17 09:45:43+0800: Using 4 CPU thread(s) for search
2025-02-17 09:45:43+0800: nnRandSeed0 = 12356399680271200639
2025-02-17 09:45:43+0800: After dedups: nnModelFile0 = D:\download\katago-v1.15.0-eigen-windows-x64\kata1-b10c128-s41138688-d27396855.txt.gz useFP16 auto useNHWC auto
2025-02-17 09:45:43+0800: Initializing neural net buffer to be size 19 * 19 exactly
2025-02-17 09:45:44+0800: Eigen (CPU) backend thread 0: Model version 8
2025-02-17 09:45:44+0800: Eigen (CPU) backend thread 0: Model name: b10c128-s41138688-d27396855
2025-02-17 09:45:44+0800: Eigen (CPU) backend thread 3: Model version 8
2025-02-17 09:45:44+0800: Eigen (CPU) backend thread 3: Model name: b10c128-s41138688-d27396855
2025-02-17 09:45:44+0800: Eigen (CPU) backend thread 2: Model version 8
2025-02-17 09:45:44+0800: Eigen (CPU) backend thread 1: Model version 8
2025-02-17 09:45:44+0800: Eigen (CPU) backend thread 1: Model name: b10c128-s41138688-d27396855
2025-02-17 09:45:44+0800: Eigen (CPU) backend thread 2: Model name: b10c128-s41138688-d27396855
2025-02-17 09:45:44+0800: Loaded neural net with nnXLen 19 nnYLen 19
2025-02-17 09:45:44+0800: Initializing board with boardXSize 19 boardYSize 19
2025-02-17 09:45:44+0800: Loaded config D:\download\katago-v1.15.0-eigen-windows-x64\default_gtp.cfg
2025-02-17 09:45:44+0800: Loaded model D:\download\katago-v1.15.0-eigen-windows-x64\kata1-b10c128-s41138688-d27396855.txt.gz
2025-02-17 09:45:44+0800: Model name: b10c128-s41138688-d27396855
2025-02-17 09:45:44+0800: GTP ready, beginning main protocol loop
2025-02-17 09:45:50+0800: Controller: play B Q16
2025-02-17 09:45:50+0800: = 
2025-02-17 09:45:50+0800: Controller: genmove white
2025-02-17 09:45:55+0800: MoveNum: 1 HASH: D787FAD66281F76731DCD9C1B3387463
   A B C D E F G H J K L M N O P Q R S T
19 . . . . . . . . . . . . . . . . . . .
18 . . . . . . . . . . . . . . . . . . .
17 . . . @ . . . . . . . . . . . . . . .
16 . . . . . . . . . . . . . . . X1. . .
15 . . . . . . . . . . . . . . . . . . .
14 . . . . . . . . . . . . . . . . . . .
13 . . . . . . . . . . . . . . . . . . .
12 . . . . . . . . . . . . . . . . . . .
11 . . . . . . . . . . . . . . . . . . .
10 . . . . . . . . . . . . . . . . . . .
 9 . . . . . . . . . . . . . . . . . . .
 8 . . . . . . . . . . . . . . . . . . .
 7 . . . . . . . . . . . . . . . . . . .
 6 . . . . . . . . . . . . . . . . . . .
 5 . . . . . . . . . . . . . . . . . . .
 4 . . . . . . . . . . . . . . . . . . .
 3 . . . . . . . . . . . . . . . . . . .
 2 . . . . . . . . . . . . . . . . . . .
 1 . . . . . . . . . . . . . . . . . . .

koPOSITIONALscoreAREAtaxNONEsui1komi7.5
Time taken: 5.031
Root visits: 410
New playouts: 410
NN rows: 367
NN batches: 367
NN avg batch size: 1
PV: C4 D17 Q3 D15 E4 R5 R4 Q5 O4
Tree:
: T   1.63c W   1.01c S   0.50c ( +0.2 L  +0.3) N     410  --  C4 D17 Q3 D15 E4 R5 R4
---White(^)---
C4  : T   1.89c W   1.20c S   0.53c ( +0.2 L  +0.3) LCB    0.54c P 11.13% WF 108.2 PSV     120 N     108  --  C4 D17 Q3 D15 E4 R5 R4 Q5
D17 : T   1.75c W   1.13c S   0.51c ( +0.2 L  +0.3) LCB    0.22c P 11.21% WF 106.1 PSV      89 N     106  --  D17 C4 Q3 E4 D15 R5 R4 Q5
C16 : T   1.72c W   1.07c S   0.52c ( +0.2 L  +0.3) LCB    0.13c P 10.23% WF 102.0 PSV      78 N     102  --  C16 C4 Q3 E4 Q5 E17 D17 E16
D16 : T   1.30c W   0.80c S   0.48c ( +0.2 L  +0.4) LCB   -0.08c P  5.85% WF  79.8 PSV      29 N      80  --  D16 R4 C4 P4 E4 C17 C16 D17
D4  : T   0.34c W  -0.41c S   0.29c ( -0.1 L  +0.1) LCB   -5.36c P  5.13% WF  12.9 PSV      13 N      13  --  D4 C16 Q3 E16

2025-02-17 09:45:55+0800: = D17
2025-02-17 09:45:59+0800: Controller: play B Q3
2025-02-17 09:45:59+0800: = 
2025-02-17 09:45:59+0800: Controller: genmove white
2025-02-17 09:46:04+0800: MoveNum: 3 HASH: BDDFB7AE90732B59ED01DF99D1A0D44C
   A B C D E F G H J K L M N O P Q R S T
19 . . . . . . . . . . . . . . . . . . .
18 . . . . . . . . . . . . . . . . . . .
17 . . . O2. . . . . . . . . . . . . . .
16 . . . . . . . . . . . . . . . X1. . .
15 . . . . . . . . . . . . . . . . . . .
14 . . . . . . . . . . . . . . . . . . .
13 . . . . . . . . . . . . . . . . . . .
12 . . . . . . . . . . . . . . . . . . .
11 . . . . . . . . . . . . . . . . . . .
10 . . . . . . . . . . . . . . . . . . .
 9 . . . . . . . . . . . . . . . . . . .
 8 . . . . . . . . . . . . . . . . . . .
 7 . . . . . . . . . . . . . . . . . . .
 6 . . . . . . . . . . . . . . . . . . .
 5 . . . . . . . . . . . . . . . . . . .
 4 . . . . . . . . . . . . . . . . . . .
 3 . . . @ . . . . . . . . . . . X3. . .
 2 . . . . . . . . . . . . . . . . . . .
 1 . . . . . . . . . . . . . . . . . . .

koPOSITIONALscoreAREAtaxNONEsui1komi7.5
Time taken: 5.047
Root visits: 457
New playouts: 438
NN rows: 362
NN batches: 362
NN avg batch size: 1
PV: D3 C15 D5 Q5 R17 R16 Q17 P16
Tree:
: T   1.37c W   1.23c S   0.01c ( +0.2 L  +0.3) N     457  --  D3 C15 D5 Q5 R17 R16 Q17
---White(^)---
D3  : T   2.14c W   1.82c S   0.10c ( +0.3 L  +0.4) LCB    1.02c P 35.19% WF 210.1 PSV     265 N     209  --  D3 C15 D5 Q5 R17 R16 Q17 P16
C4  : T   1.45c W   1.26c S   0.02c ( +0.2 L  +0.3) LCB    0.09c P 32.86% WF 161.9 PSV     121 N     162  --  C4 E3 D15 Q5 R17 D5 C5 D6
D4  : T  -0.14c W   0.32c S  -0.16c ( -0.0 L  +0.2) LCB   -3.44c P 10.24% WF  48.5 PSV      20 N      49  --  D4 Q5 D15 C3 D3 C4 D5 B6
Q4  : T  -0.80c W  -0.67c S  -0.25c ( -0.1 L  -0.2) LCB   -4.72c P  7.97% WF  24.7 PSV      13 N      25  --  Q4 R4 D3 R5 D5 C15
D15 : T  -2.23c W  -1.96c S  -0.69c ( -0.8 L  -0.5) LCB  -30.15c P  2.86% WF   4.9 PSV       3 N       5  --  D15 C4 E3
C3  : T  -2.21c W  -1.47c S  -0.39c ( -0.3 L  -0.4) LCB  -45.24c P  2.50% WF   3.9 PSV       3 N       4  --  C3 Q5 D15 D4
R5  : T  -4.77c W  -2.95c S  -0.77c ( -0.9 L  -1.0) LCB -153.75c P  1.64% WF   2.0 PSV       1 N       2  --  R5 D3

2025-02-17 09:46:04+0800: = D3
2025-02-17 09:46:13+0800: Controller: play B R5
2025-02-17 09:46:13+0800: = 
2025-02-17 09:46:13+0800: Controller: genmove white
2025-02-17 09:46:18+0800: MoveNum: 5 HASH: 3A6E66157A1E67980EA644619F2E08B8
   A B C D E F G H J K L M N O P Q R S T
19 . . . . . . . . . . . . . . . . . . .
18 . . . . . . . . . . . . . . . . . . .
17 . . . O . . . . . . . . . . . . . . .
16 . . . . . . . . . . . . . . . X . . .
15 . . . . . . . . . . . . . . . . . . .
14 . . . . . . . . . . . . . . . . . . .
13 . . . . . . . . . . . . . . . . . . .
12 . . . . . . . . . . . . . . . . . . .
11 . . . . . . . . . . . . . . . . . . .
10 . . . . . . . . . . . . . . . . . . .
 9 . . . . . . . . . . . . . . . . . . .
 8 . . . . . . . . . . . . . . . . . . .
 7 . . . . . . . . . . . . . . . . . . .
 6 . . . . . . . . . . . . . . . . . . .
 5 . . . @ . . . . . . . . . . . . X3. .
 4 . . . . . . . . . . . . . . . . . . .
 3 . . . O2. . . . . . . . . . . X1. . .
 2 . . . . . . . . . . . . . . . . . . .
 1 . . . . . . . . . . . . . . . . . . .

koPOSITIONALscoreAREAtaxNONEsui1komi7.5
Time taken: 5.031
Root visits: 395
New playouts: 395
NN rows: 364
NN batches: 364
NN avg batch size: 1
PV: D5 C15 C16 D15 F17 E16 E17 C11 R17 R16 Q17
Tree:
: T   4.34c W   3.58c S   0.76c ( +0.7 L  +0.9) N     395  --  D5 C15 C16 D15 F17 E16 E17
---White(^)---
D5  : T   5.00c W   4.11c S   0.82c ( +0.8 L  +1.0) LCB    3.62c P 34.74% WF 168.7 PSV     313 N     168  --  D5 C15 C16 D15 F17 E16 E17 C11
D15 : T   4.44c W   3.76c S   0.77c ( +0.8 L  +0.9) LCB    2.78c P 36.18% WF 167.9 PSV     168 N     168  --  D15 C5 C4 D5 F3 E4 E3 D9
R17 : T   2.63c W   1.70c S   0.60c ( +0.5 L  +0.5) LCB   -0.36c P  5.95% WF  30.7 PSV      11 N      31  --  R17 R16 Q17 P16 O17 C5 C4
P3  : T   2.25c W   1.78c S   0.55c ( +0.4 L  +0.4) LCB   -1.91c P  3.73% WF  19.8 PSV       6 N      20  --  P3 P4 O3 Q2 D15 C5 C4 D5
Q4  : T   0.02c W   0.59c S   0.30c ( +0.1 L  +0.1) LCB  -42.98c P  2.25% WF   3.9 PSV       2 N       4  --  Q4 R4 D5 C15
C5  : T  -1.82c W  -0.31c S   0.16c ( -0.1 L  -0.1) LCB -150.90c P  2.54% WF   2.0 PSV       2 N       2  --  C5 C15
C15 : T   3.44c W   2.80c S   0.64c ( +0.6 L  +1.1) LCB -346.56c P  1.85% WF   1.0 PSV       1 N       1  --  C15

2025-02-17 09:46:18+0800: = D5
2025-02-17 09:46:34+0800: Controller: play B C15
2025-02-17 09:46:34+0800: = 
2025-02-17 09:46:34+0800: Controller: genmove white
2025-02-17 09:46:39+0800: MoveNum: 7 HASH: D32DF55654E5E1702A2A88F99A7732BD
   A B C D E F G H J K L M N O P Q R S T
19 . . . . . . . . . . . . . . . . . . .
18 . . . . . . . . . . . . . . . . . . .
17 . . . O . . . . . . . . . . . . . . .
16 . . . . @ . . . . . . . . . . X . . .
15 . . X3. . . . . . . . . . . . . . . .
14 . . . . . . . . . . . . . . . . . . .
13 . . . . . . . . . . . . . . . . . . .
12 . . . . . . . . . . . . . . . . . . .
11 . . . . . . . . . . . . . . . . . . .
10 . . . . . . . . . . . . . . . . . . .
 9 . . . . . . . . . . . . . . . . . . .
 8 . . . . . . . . . . . . . . . . . . .
 7 . . . . . . . . . . . . . . . . . . .
 6 . . . . . . . . . . . . . . . . . . .
 5 . . . O2. . . . . . . . . . . . X1. .
 4 . . . . . . . . . . . . . . . . . . .
 3 . . . O . . . . . . . . . . . X . . .
 2 . . . . . . . . . . . . . . . . . . .
 1 . . . . . . . . . . . . . . . . . . .

koPOSITIONALscoreAREAtaxNONEsui1komi7.5
Time taken: 5.047
Root visits: 457
New playouts: 373
NN rows: 364
NN batches: 363
NN avg batch size: 1.00275
PV: E16 C12 C16 D15 R17 R16 Q17 P16 O18
Tree:
: T   4.42c W   3.87c S   0.22c ( +0.8 L  +1.0) N     457  --  E16 C12 C16 D15 R17 R16 Q17
---White(^)---
E16 : T   5.73c W   4.35c S   0.29c ( +0.9 L  +1.2) LCB    3.55c P  4.82% WF  80.6 PSV     222 N      80  --  E16 C12 C16 D15 R17 R16 Q17 P16
C16 : T   4.77c W   4.07c S   0.21c ( +0.8 L  +0.9) LCB    2.91c P 25.05% WF 140.2 PSV     140 N     140  --  C16 D15 F17 E16 E17 C11 P3 P4
P3  : T   5.20c W   4.70c S   0.41c ( +1.1 L  +1.2) LCB    3.41c P  7.44% WF  93.4 PSV      63 N      93  --  P3 P4 O3 Q2 L3 E16 E17 F16
R17 : T   3.38c W   3.11c S   0.13c ( +0.7 L  +0.8) LCB    0.18c P 15.04% WF  66.5 PSV      40 N      67  --  R17 E16 E17 F16 G17 R16 Q17 P16
K4  : T   2.77c W   2.78c S   0.05c ( +0.6 L  +0.7) LCB   -0.10c P 10.23% WF  26.7 PSV      22 N      27  --  K4 E16 E17 F16 G17 C7 C9 C4
L4  : T   1.78c W   1.90c S  -0.07c ( +0.4 L  +0.6) LCB   -6.80c P  5.19% WF   9.9 PSV       8 N      10  --  L4 E16 E17 F16 G17 C7 C9 C4
C11 : T   3.87c W   4.07c S   0.27c ( +0.9 L  +1.1) LCB   -0.84c P  2.21% WF  14.9 PSV       7 N      15  --  C11 E16 E17 F16 G17 K4 G16 G15
K3  : T   2.39c W   2.78c S   0.06c ( +0.6 L  +0.8) LCB   -5.35c P  4.04% WF   9.9 PSV       7 N      10  --  K3 E16 E17 F16 G17 C7 C9 C4
C12 : T  -0.06c W   1.11c S  -0.22c ( +0.2 L  +0.3) LCB  -20.92c P  3.38% WF   5.9 PSV       3 N       6  --  C12 E16 E17 F16 G17 C10
Q4  : T   0.14c W   1.27c S  -0.23c ( +0.2 L  +0.2) LCB  -43.28c P  2.73% WF   3.9 PSV       3 N       4  --  Q4 R4 C16 D15

2025-02-17 09:46:39+0800: = E16
2025-02-17 09:47:00+0800: Controller: play B C12
2025-02-17 09:47:00+0800: = 
2025-02-17 09:47:01+0800: Controller: genmove white
2025-02-17 09:47:06+0800: MoveNum: 9 HASH: 15B580F134A846C4359399EF631DAB1D
   A B C D E F G H J K L M N O P Q R S T
19 . . . . . . . . . . . . . . . . . . .
18 . . . . . . . . . . . . . . . . . . .
17 . . . O . . . . . . . . . . . . . . .
16 . . . . O2. . . . . . . . . . X . . .
15 . . X1. . . . . . . . . . . . . . . .
14 . . . . . . . . . . . . . . . . . . .
13 . . . . . . . . . . . . . . . . . . .
12 . . X3. . . . . . . . . . . . . . . .
11 . . . . . . . . . . . . . . . . . . .
10 . . . . . . . . . . . . . . . . . . .
 9 . . . . . . . . . . . . . . . . . . .
 8 . . . . . . . . . . . . . . . . . . .
 7 . . . . . . . . . . . . . . . . . . .
 6 . . . . . . . . . . . . . . . . . . .
 5 . . . O . . . . . . . . . . . . X . .
 4 . . . . . . . . . . . . . . . . . . .
 3 . . . O . . . . . . . . . . @ X . . .
 2 . . . . . . . . . . . . . . . . . . .
 1 . . . . . . . . . . . . . . . . . . .

koPOSITIONALscoreAREAtaxNONEsui1komi7.5
Time taken: 5.031
Root visits: 425
New playouts: 378
NN rows: 366
NN batches: 365
NN avg batch size: 1.00274
PV: C16 C7 R17 Q17 R16 R15 S15
Tree:
: T   5.31c W   4.65c S   0.29c ( +1.0 L  +1.3) N     425  --  C16 C7 R17 Q17 R16 R15 S15
---White(^)---
C16 : T   6.38c W   5.47c S   0.40c ( +1.2 L  +1.5) LCB    5.07c P 19.49% WF 169.1 PSV     168 N     168  --  C16 C7 R17 Q17 R16 R15 S15
P3  : T   6.35c W   5.42c S   0.46c ( +1.2 L  +1.6) LCB    4.65c P  9.83% WF 125.7 PSV      81 N     125  --  P3 P4 O3 Q2 L3 C7 C16 D15
K4  : T   3.46c W   3.03c S   0.03c ( +0.6 L  +0.9) LCB    0.77c P 12.69% WF  39.5 PSV      22 N      40  --  K4 D6 C6 E5 D4 C7
R17 : T   2.24c W   2.46c S  -0.04c ( +0.5 L  +0.8) LCB   -2.01c P 15.85% WF  30.4 PSV      21 N      31  --  R17 R16 Q17 P16 O18 K4 Q11 Q9
K3  : T   3.49c W   3.12c S   0.03c ( +0.6 L  +1.0) LCB   -0.02c P  6.47% WF  20.8 PSV      11 N      21  --  K3 C7 C16 C4 C5 B5
L3  : T   4.20c W   3.93c S   0.16c ( +0.8 L  +1.1) LCB    1.20c P  4.09% WF  21.8 PSV       9 N      22  --  L3 C7 R17 Q17 R16
L4  : T   1.44c W   1.64c S  -0.27c ( +0.2 L  +0.8) LCB   -7.56c P  5.61% WF   8.8 PSV       6 N       9  --  L4 J3 P3 P4 O3 Q2 O4 P5
Q4  : T  -0.34c W   0.91c S  -0.37c ( +0.1 L  +0.3) LCB  -21.48c P  5.46% WF   5.9 PSV       4 N       6  --  Q4 R4 C16 D15
C10 : T  -1.04c W   1.27c S  -0.34c ( +0.1 L  +0.3) LCB -150.17c P  3.04% WF   2.0 PSV       2 N       2  --  C10 B17

2025-02-17 09:47:06+0800: = P3
2025-02-17 09:47:14+0800: Controller: play B P4
2025-02-17 09:47:14+0800: = 
2025-02-17 09:47:14+0800: Controller: genmove white
2025-02-17 09:47:19+0800: MoveNum: 11 HASH: B0C9BD9852B44EF2C1273F7DB37EE468
   A B C D E F G H J K L M N O P Q R S T
19 . . . . . . . . . . . . . . . . . . .
18 . . . . . . . . . . . . . . . . . . .
17 . . . O . . . . . . . . . . . . . . .
16 . . . . O . . . . . . . . . . X . . .
15 . . X . . . . . . . . . . . . . . . .
14 . . . . . . . . . . . . . . . . . . .
13 . . . . . . . . . . . . . . . . . . .
12 . . X1. . . . . . . . . . . . . . . .
11 . . . . . . . . . . . . . . . . . . .
10 . . . . . . . . . . . . . . . . . . .
 9 . . . . . . . . . . . . . . . . . . .
 8 . . . . . . . . . . . . . . . . . . .
 7 . . . . . . . . . . . . . . . . . . .
 6 . . . . . . . . . . . . . . . . . . .
 5 . . . O . . . . . . . . . . . . X . .
 4 . . . . . . . . . . . . . . X3. . . .
 3 . . . O . . . . . . . . . @ O2X . . .
 2 . . . . . . . . . . . . . . . . . . .
 1 . . . . . . . . . . . . . . . . . . .

koPOSITIONALscoreAREAtaxNONEsui1komi7.5
Time taken: 5.031
Root visits: 452
New playouts: 371
NN rows: 361
NN batches: 360
NN avg batch size: 1.00278
PV: O3 Q2 K3 C7 C16 D15 R17 R16 Q17 P17 P18 O18
Tree:
: T   5.71c W   5.10c S   0.28c ( +1.2 L  +1.5) N     452  --  O3 Q2 K3 C7 C16 D15 R17
---White(^)---
O3  : T   5.89c W   5.23c S   0.30c ( +1.2 L  +1.6) LCB    4.74c P 80.92% WF 445.2 PSV     445 N     445  --  O3 Q2 K3 C7 C16 D15 R17 R16
Q2  : T -10.17c W  -6.89c S  -1.73c ( -1.7 L  -1.5) LCB -159.22c P  5.93% WF   1.9 PSV       2 N       2  --  Q2 O3
O4  : T  -5.00c W  -2.00c S  -0.92c ( -0.5 L  -0.2) LCB -154.15c P  3.70% WF   1.9 PSV       2 N       2  --  O4 O3
Q4  : T  -5.38c W  -3.68c S  -1.19c ( -0.9 L  -0.4) LCB -154.33c P  2.73% WF   1.9 PSV       1 N       2  --  Q4 Q5

2025-02-17 09:47:19+0800: = O3
2025-02-17 09:47:36+0800: Controller: kgs-rules chinese
2025-02-17 09:47:36+0800: Changed rules to Chinese-OGS
2025-02-17 09:47:36+0800: = 
2025-02-17 09:47:36+0800: Controller: komi 7.5
2025-02-17 09:47:36+0800: = 
2025-02-17 09:47:36+0800: Controller: clear_board
2025-02-17 09:47:36+0800: = 
2025-02-17 09:47:36+0800: Controller: boardsize 19
2025-02-17 09:47:36+0800: = 
2025-02-17 09:47:36+0800: Controller: play B Q16
2025-02-17 09:47:36+0800: = 
2025-02-17 09:47:36+0800: Controller: play W D17
2025-02-17 09:47:36+0800: = 
2025-02-17 09:47:36+0800: Controller: play B Q3
2025-02-17 09:47:36+0800: = 
2025-02-17 09:47:36+0800: Controller: play W D3
2025-02-17 09:47:36+0800: = 
2025-02-17 09:47:36+0800: Controller: play B R5
2025-02-17 09:47:36+0800: = 
2025-02-17 09:47:36+0800: Controller: play W D5
2025-02-17 09:47:36+0800: = 
2025-02-17 09:47:36+0800: Controller: play B C15
2025-02-17 09:47:36+0800: = 
2025-02-17 09:47:36+0800: Controller: play W E16
2025-02-17 09:47:36+0800: = 
2025-02-17 09:47:36+0800: Controller: play B C12
2025-02-17 09:47:36+0800: = 
2025-02-17 09:47:36+0800: Controller: play W P3
2025-02-17 09:47:36+0800: = 
2025-02-17 09:47:36+0800: Controller: play B P4
2025-02-17 09:47:36+0800: = 
2025-02-17 09:47:36+0800: Controller: play W O3
2025-02-17 09:47:36+0800: = 
2025-02-17 09:47:36+0800: Controller: play B O4
2025-02-17 09:47:36+0800: = 
2025-02-17 09:47:36+0800: Controller: play W N3
2025-02-17 09:47:36+0800: = 
2025-02-17 09:47:36+0800: Controller: play B N4
2025-02-17 09:47:36+0800: = 
2025-02-17 09:47:36+0800: Controller: play W M3
2025-02-17 09:47:36+0800: = 
2025-02-17 09:47:36+0800: Controller: play B M4
2025-02-17 09:47:36+0800: = 
2025-02-17 09:47:36+0800: Controller: play W L3
2025-02-17 09:47:36+0800: = 
2025-02-17 09:47:36+0800: Controller: play B L4
2025-02-17 09:47:36+0800: = 
2025-02-17 09:47:36+0800: Controller: play W H3
2025-02-17 09:47:36+0800: = 
2025-02-17 09:47:36+0800: Controller: play B Q11
2025-02-17 09:47:36+0800: = 
2025-02-17 09:47:36+0800: Controller: kata-raw-nn 0
2025-02-17 09:47:37+0800: = symmetry 0
whiteWin 0.454577
whiteLoss 0.545423
noResult 0.000000
whiteLead -4.030
whiteScoreSelfplay -2.429
whiteScoreSelfplaySq 864.681
varTimeLeft -1.000
shorttermWinlossError -1.000
shorttermScoreError -1.000
policy
0.000011 0.000011 0.000014 0.000012 0.000015 0.000012 0.000015 0.000017 0.000017 0.000016 0.000015 0.000015 0.000015 0.000012 0.000011 0.000013 0.000009 0.000010 0.000007 
0.000011 0.000028 0.000030 0.000022 0.000029 0.000025 0.000035 0.000045 0.000053 0.000063 0.000068 0.000062 0.000064 0.000090 0.000128 0.000461 0.000120 0.000031 0.000012 
0.000022 0.000277 0.000094     NAN 0.000018 0.000044 0.000131 0.000651 0.001060 0.004843 0.006572 0.001875 0.001253 0.006177 0.000221 0.003819 0.211340 0.000179 0.000011 
0.000022 0.001123 0.152493 0.000018     NAN 0.000025 0.000172 0.001382 0.002224 0.008891 0.014494 0.002804 0.000681 0.000577 0.000454     NAN 0.001226 0.000412 0.000015 
0.000018 0.000088     NAN 0.000769 0.000047 0.000050 0.000077 0.000146 0.000170 0.000264 0.000314 0.000171 0.000116 0.000119 0.000157 0.000227 0.000117 0.000179 0.000017 
0.000014 0.000042 0.000197 0.012959 0.000358 0.000099 0.000056 0.000089 0.000115 0.000151 0.000167 0.000126 0.000096 0.000078 0.000115 0.000209 0.001141 0.000073 0.000014 
0.000015 0.000032 0.000157 0.001240 0.000191 0.000078 0.000073 0.000107 0.000142 0.000181 0.000191 0.000132 0.000106 0.000095 0.000134 0.000467 0.002981 0.000094 0.000012 
0.000012 0.000079     NAN 0.001826 0.000109 0.000070 0.000082 0.000115 0.000153 0.000214 0.000243 0.000205 0.000170 0.000266 0.000199 0.000497 0.000222 0.000124 0.000011 
0.000015 0.000113 0.016913 0.002481 0.000108 0.000081 0.000100 0.000132 0.000183 0.000257 0.000288 0.000242 0.000305 0.000670 0.001163     NAN 0.005637 0.003689 0.000013 
0.000016 0.000198 0.044680 0.003483 0.000119 0.000077 0.000113 0.000140 0.000193 0.000243 0.000241 0.000227 0.000370 0.001727 0.005265 0.006229 0.001756 0.000789 0.000021 
0.000018 0.000087 0.008827 0.000974 0.000105 0.000075 0.000103 0.000138 0.000179 0.000192 0.000171 0.000160 0.000162 0.000217 0.000472 0.001483 0.008863 0.000148 0.000017 
0.000017 0.000054 0.004885 0.000786 0.000097 0.000064 0.000083 0.000110 0.000134 0.000142 0.000135 0.000128 0.000116 0.000102 0.000075 0.000101 0.000280 0.000062 0.000015 
0.000014 0.000041 0.000471 0.000302 0.000062 0.000047 0.000065 0.000088 0.000102 0.000093 0.000070 0.000057 0.000043 0.000047 0.000045 0.000128 0.000131 0.000078 0.000013 
0.000013 0.000039 0.000143 0.000062 0.000045 0.000045 0.000066 0.000094 0.000124 0.000062 0.000045 0.000036 0.000028 0.000032 0.000058 0.000171 0.003967 0.000098 0.000013 
0.000012 0.000032 0.000034     NAN 0.000026 0.000036 0.000049 0.000086 0.000225 0.000049 0.000009 0.000008 0.000009 0.000009 0.000011 0.000162     NAN 0.000171 0.000011 
0.000010 0.000023 0.000042 0.000021 0.000037 0.000036 0.000037 0.000061 0.000527 0.014513     NAN     NAN     NAN     NAN     NAN 0.003582 0.000234 0.000042 0.000011 
0.000009 0.000020 0.000014     NAN 0.000018 0.000029 0.000020     NAN 0.000045 0.000086     NAN     NAN     NAN     NAN     NAN     NAN 0.001169 0.000029 0.000011 
0.000007 0.000012 0.000013 0.000014 0.000022 0.000022 0.000021 0.000018 0.000022 0.000018 0.000009 0.000012 0.000014 0.000013 0.000061 0.385302 0.000046 0.000016 0.000012 
0.000008 0.000009 0.000010 0.000011 0.000012 0.000012 0.000013 0.000013 0.000012 0.000012 0.000010 0.000008 0.000010 0.000011 0.000007 0.000014 0.000012 0.000018 0.000011 
policyPass 0.000077 
whiteOwnership
0.2425267 0.4149684 0.4593765 0.5081393 0.4869184 0.3491682 0.2170609 0.1184396 0.0592336 0.0065787 -0.0181186 -0.0403114 -0.0574373 -0.1060091 -0.1963366 -0.1478399 -0.0903115 -0.0613897 -0.0813627 
0.0942967 0.3130313 0.4469098 0.6686745 0.4543134 0.3438767 0.1242594 0.0377343 -0.0145354 -0.0589714 -0.0942986 -0.1021823 -0.1475003 -0.1459596 -0.2676433 -0.2014724 -0.1500000 -0.0428162 -0.0693093 
-0.0560693 0.0903424 0.3993352 0.7703179 0.5486267 0.1735054 0.0629913 0.0458081 -0.0025478 0.0284931 0.0016996 -0.0408237 -0.1228104 -0.1427760 -0.4642929 -0.4930899 0.0454070 -0.1673853 -0.1477269 
-0.2870014 0.0814564 0.4180349 0.3600066 0.7387330 0.2549155 0.0711736 0.0298643 -0.0181209 -0.0044207 -0.0191258 -0.0503534 -0.1552780 -0.2063191 -0.4248687 -0.8010496 -0.4732746 -0.1442874 -0.2373127 
-0.3718802 -0.3717851 -0.6521428 0.1269098 0.2014931 0.1276080 0.0382193 0.0103642 -0.0151799 -0.0276720 -0.0302876 -0.0459626 -0.1200884 -0.1761454 -0.2761601 -0.3744560 -0.4448684 -0.2659510 -0.2314697 
-0.4918672 -0.5447099 -0.3132611 -0.0426634 0.0102916 0.0478522 0.0301674 0.0108774 0.0032715 -0.0262355 -0.0436819 -0.0733459 -0.0960078 -0.1382635 -0.2172430 -0.3764412 -0.2562067 -0.2211492 -0.2028903 
-0.5243325 -0.5432475 -0.4470832 -0.1915496 -0.0973007 -0.0283192 -0.0049648 0.0176925 0.0049586 -0.0334333 -0.0582445 -0.0826995 -0.1226511 -0.1717446 -0.2918757 -0.3729670 -0.3767907 -0.3021421 -0.2199576 
-0.4331572 -0.4546305 -0.7786677 -0.2163558 -0.1231086 -0.0507616 -0.0078104 0.0104017 -0.0142365 -0.0585612 -0.0820389 -0.0901280 -0.1766646 -0.2261584 -0.3105071 -0.4058610 -0.4553987 -0.3167751 -0.2571739 
-0.2629963 -0.2076686 -0.0891193 -0.1042297 -0.0936406 -0.0266497 -0.0124035 -0.0009063 -0.0344857 -0.0686135 -0.0763183 -0.0839794 -0.1820440 -0.2768835 -0.4114252 -0.7961111 -0.4809478 -0.2246796 -0.2540883 
-0.1481387 -0.0749802 0.0997587 0.0262861 0.0181407 0.0002192 -0.0056267 -0.0109827 -0.0464328 -0.0829048 -0.0959571 -0.1016760 -0.1221647 -0.1834516 -0.2648020 -0.3791045 -0.4319026 -0.2415863 -0.2227702 
-0.0679134 -0.0001517 0.0421969 0.0129218 0.0430301 0.0310531 0.0031854 -0.0079255 -0.0369079 -0.0751140 -0.0898661 -0.1204262 -0.1243970 -0.1666092 -0.2585837 -0.3566655 -0.2774296 -0.2065088 -0.2677308 
-0.0072677 -0.0399215 -0.0091911 -0.0020413 0.0617811 0.0396880 0.0023170 -0.0005558 -0.0290838 -0.0888168 -0.1349641 -0.1880371 -0.2077000 -0.2491246 -0.2800076 -0.3265740 -0.3104012 -0.3009995 -0.3519387 
0.0454220 0.0050053 -0.0081029 0.1181028 0.1250731 0.0664302 0.0099517 0.0202188 -0.0061714 -0.1491679 -0.2033664 -0.2619143 -0.3384738 -0.3876947 -0.3633902 -0.4223117 -0.4031570 -0.4481221 -0.4159011 
0.1228955 0.1721320 0.2076282 0.2673093 0.1949547 0.1720206 0.0929260 0.0337727 -0.0156486 -0.2107786 -0.3504923 -0.3688585 -0.3672231 -0.4409156 -0.4600792 -0.5275282 -0.4897103 -0.5842860 -0.5400531 
0.2093470 0.2733771 0.4576960 0.8510108 0.4173432 0.2481883 0.2022620 0.0840419 -0.1669403 -0.3839549 -0.5194710 -0.5670292 -0.5940140 -0.6081741 -0.6847585 -0.7443446 -0.9013886 -0.6541953 -0.6000024 
0.3277806 0.4555111 0.4634221 0.6269307 0.4419017 0.3968575 0.3068509 0.1504603 -0.0750656 0.0065726 -0.9584408 -0.9433510 -0.9607050 -0.9460541 -0.9668345 -0.6817632 -0.6904036 -0.6242546 -0.5839438 
0.4777649 0.4460022 0.6112887 0.8447844 0.6337786 0.4933408 0.5208325 0.8401689 0.3292571 0.3124602 0.8582174 0.7937977 0.7431055 0.8303196 0.8389142 -0.6853956 -0.5164587 -0.5248407 -0.5001457 
0.5352071 0.5864093 0.6328135 0.6849853 0.6149442 0.5492803 0.5790897 0.5916556 0.5354186 0.6429819 0.6855805 0.7389611 0.6416510 0.6422690 0.3848836 0.4886997 -0.2736943 -0.2881058 -0.5162983 
0.5317616 0.5180243 0.5897896 0.5913918 0.6464725 0.6107358 0.5906635 0.5551438 0.6152493 0.6354980 0.6730974 0.7061141 0.6522156 0.5211612 0.4335949 0.3158634 0.0052726 -0.3382903 -0.4624762
2025-02-17 09:49:04+0800: Controller: kgs-rules chinese
2025-02-17 09:49:04+0800: Changed rules to Chinese-OGS
2025-02-17 09:49:04+0800: = 
2025-02-17 09:49:04+0800: Controller: komi 7.5
2025-02-17 09:49:04+0800: = 
2025-02-17 09:49:04+0800: Controller: clear_board
2025-02-17 09:49:04+0800: = 
2025-02-17 09:49:04+0800: Controller: boardsize 19
2025-02-17 09:49:04+0800: = 
2025-02-17 09:49:04+0800: Controller: play B Q16
2025-02-17 09:49:04+0800: = 
2025-02-17 09:49:04+0800: Controller: play W D17
2025-02-17 09:49:04+0800: = 
2025-02-17 09:49:04+0800: Controller: play B Q3
2025-02-17 09:49:04+0800: = 
2025-02-17 09:49:04+0800: Controller: play W D3
2025-02-17 09:49:04+0800: = 
2025-02-17 09:49:04+0800: Controller: play B R5
2025-02-17 09:49:04+0800: = 
2025-02-17 09:49:04+0800: Controller: play W D5
2025-02-17 09:49:04+0800: = 
2025-02-17 09:49:04+0800: Controller: play B C15
2025-02-17 09:49:04+0800: = 
2025-02-17 09:49:04+0800: Controller: play W E16
2025-02-17 09:49:04+0800: = 
2025-02-17 09:49:04+0800: Controller: play B C12
2025-02-17 09:49:04+0800: = 
2025-02-17 09:49:04+0800: Controller: play W P3
2025-02-17 09:49:04+0800: = 
2025-02-17 09:49:04+0800: Controller: play B P4
2025-02-17 09:49:04+0800: = 
2025-02-17 09:49:04+0800: Controller: play W O3
2025-02-17 09:49:04+0800: = 
2025-02-17 09:49:04+0800: Controller: play B O4
2025-02-17 09:49:04+0800: = 
2025-02-17 09:49:04+0800: Controller: play W N3
2025-02-17 09:49:04+0800: = 
2025-02-17 09:49:04+0800: Controller: play B N4
2025-02-17 09:49:04+0800: = 
2025-02-17 09:49:04+0800: Controller: play W M3
2025-02-17 09:49:04+0800: = 
2025-02-17 09:49:04+0800: Controller: play B M4
2025-02-17 09:49:04+0800: = 
2025-02-17 09:49:04+0800: Controller: play W L3
2025-02-17 09:49:04+0800: = 
2025-02-17 09:49:04+0800: Controller: play B L4
2025-02-17 09:49:04+0800: = 
2025-02-17 09:49:04+0800: Controller: play W H3
2025-02-17 09:49:04+0800: = 
2025-02-17 09:49:04+0800: Controller: play B Q11
2025-02-17 09:49:04+0800: = 
2025-02-17 09:49:04+0800: Controller: play W K3
2025-02-17 09:49:04+0800: = 
2025-02-17 09:49:04+0800: Controller: play B K4
2025-02-17 09:49:04+0800: = 
2025-02-17 09:49:04+0800: Controller: play W J3
2025-02-17 09:49:04+0800: = 
2025-02-17 09:49:04+0800: Controller: play B J4
2025-02-17 09:49:04+0800: = 
2025-02-17 09:49:04+0800: Controller: play W G3
2025-02-17 09:49:04+0800: = 
2025-02-17 09:49:04+0800: Controller: play B H4
2025-02-17 09:49:04+0800: = 
2025-02-17 09:49:04+0800: Controller: play W F3
2025-02-17 09:49:04+0800: = 
2025-02-17 09:49:04+0800: Controller: play B G4
2025-02-17 09:49:04+0800: = 
2025-02-17 09:49:04+0800: Controller: play W F4
2025-02-17 09:49:04+0800: = 
2025-02-17 09:49:04+0800: Controller: play B F5
2025-02-17 09:49:04+0800: = 
2025-02-17 09:49:04+0800: Controller: play W G5
2025-02-17 09:49:04+0800: = 
2025-02-17 09:49:04+0800: Controller: play B H6
2025-02-17 09:49:04+0800: = 
2025-02-17 09:49:04+0800: Controller: play W F6
2025-02-17 09:49:04+0800: = 
2025-02-17 09:49:04+0800: Controller: play B E5
2025-02-17 09:49:04+0800: = 
2025-02-17 09:49:04+0800: Controller: play W E6
2025-02-17 09:49:04+0800: = 
2025-02-17 09:49:04+0800: Controller: play B E4
2025-02-17 09:49:04+0800: = 
2025-02-17 09:49:04+0800: Controller: play W D4
2025-02-17 09:49:04+0800: = 
2025-02-17 09:49:04+0800: Controller: play B E3
2025-02-17 09:49:04+0800: = 
2025-02-17 09:49:04+0800: Controller: play W E2
2025-02-17 09:49:04+0800: = 
2025-02-17 09:49:04+0800: Controller: kata-raw-nn 0
2025-02-17 09:49:05+0800: = symmetry 0
whiteWin 0.412273
whiteLoss 0.587727
noResult 0.000000
whiteLead -2.612
whiteScoreSelfplay -4.219
whiteScoreSelfplaySq 843.153
varTimeLeft -1.000
shorttermWinlossError -1.000
shorttermScoreError -1.000
policy
0.000006 0.000007 0.000007 0.000008 0.000007 0.000008 0.000010 0.000012 0.000011 0.000011 0.000010 0.000009 0.000009 0.000009 0.000009 0.000010 0.000007 0.000005 0.000005 
0.000006 0.000043 0.000049 0.000017 0.000098 0.000034 0.000095 0.000089 0.000074 0.000055 0.000042 0.000034 0.000029 0.000032 0.000094 0.000114 0.000033 0.000008 0.000006 
0.000009 0.004133 0.006503     NAN 0.000026 0.004439 0.018645 0.077005 0.071848 0.047010 0.008645 0.001622 0.003644 0.024695 0.055790 0.000833 0.002915 0.000032 0.000008 
0.000010 0.000176 0.000134 0.000122     NAN 0.000263 0.003747 0.011110 0.030516 0.059485 0.015581 0.002550 0.003703 0.036621 0.000232     NAN 0.000307 0.000061 0.000009 
0.000009 0.000014     NAN 0.000043 0.000148 0.000102 0.000106 0.000181 0.000351 0.000738 0.000755 0.000280 0.000192 0.000251 0.000661 0.000148 0.005216 0.000042 0.000009 
0.000007 0.000013 0.000013 0.000064 0.000088 0.000062 0.000069 0.000101 0.000219 0.000625 0.000914 0.000352 0.000125 0.000093 0.000673 0.036715 0.011131 0.000027 0.000008 
0.000006 0.000008 0.000010 0.000033 0.000035 0.000059 0.000063 0.000120 0.000352 0.001965 0.003300 0.001533 0.000390 0.000172 0.002061 0.085259 0.009154 0.000025 0.000007 
0.000006 0.000008     NAN 0.000018 0.000039 0.000053 0.000063 0.000119 0.000532 0.003848 0.008960 0.007322 0.007663 0.006323 0.008752 0.000423 0.008316 0.000042 0.000008 
0.000008 0.000016 0.000023 0.000035 0.000042 0.000040 0.000053 0.000098 0.000362 0.003113 0.007355 0.010575 0.039927 0.187761 0.000536     NAN 0.000244 0.000134 0.000009 
0.000010 0.000032 0.000565 0.000113 0.000033 0.000033 0.000044 0.000087 0.000163 0.000396 0.000555 0.000764 0.002480 0.005319 0.003366 0.000169 0.003580 0.000040 0.000009 
0.000011 0.000039 0.017287 0.000203 0.000040 0.000032 0.000042 0.000093 0.000108 0.000070 0.000066 0.000070 0.000061 0.000062 0.000097 0.000303 0.000114 0.000018 0.000007 
0.000010 0.000025 0.000300 0.000047 0.000034 0.000024 0.000030 0.000105 0.000037 0.000021 0.000020 0.000021 0.000020 0.000021 0.000023 0.000022 0.000024 0.000012 0.000006 
0.000008 0.000026 0.000035 0.000030 0.000015 0.000020 0.000020 0.000017 0.000022 0.000018 0.000014 0.000012 0.000012 0.000012 0.000012 0.000011 0.000014 0.000010 0.000006 
0.000007 0.000020 0.000017 0.000012     NAN     NAN 0.000011     NAN 0.000010 0.000014 0.000013 0.000012 0.000012 0.000012 0.000010 0.000008 0.000009 0.000011 0.000005 
0.000007 0.000015 0.000009     NAN 0.000005 0.000007     NAN 0.000009 0.000007 0.000007 0.000007 0.000007 0.000007 0.000007 0.000006 0.000009     NAN 0.000008 0.000006 
0.000006 0.000009 0.000008     NAN 0.000009     NAN     NAN     NAN     NAN     NAN     NAN     NAN     NAN     NAN     NAN 0.000026 0.000016 0.000007 0.000006 
0.000005 0.000006 0.000007     NAN 0.000004     NAN     NAN     NAN     NAN     NAN     NAN     NAN     NAN     NAN     NAN     NAN 0.000019 0.000009 0.000007 
0.000005 0.000006 0.000004 0.000005     NAN 0.000002 0.000003 0.000002 0.000003 0.000003 0.000003 0.000004 0.000005 0.000005 0.000109 0.000190 0.000022 0.000006 0.000005 
0.000006 0.000005 0.000004 0.000003 0.000004 0.000003 0.000003 0.000003 0.000003 0.000002 0.000002 0.000003 0.000004 0.000010 0.000014 0.000010 0.000006 0.000005 0.000005 
policyPass 0.000017 
whiteOwnership
0.0789511 0.1646896 0.4002541 0.4630706 0.4871448 0.3121462 0.1145360 0.0277281 -0.0145205 -0.0470813 -0.0576411 -0.0746340 -0.1032594 -0.2004442 -0.2495162 -0.2217535 -0.1878359 -0.2441023 -0.2386765 
-0.0616157 0.1254128 0.3026503 0.5436680 0.3720605 0.1537777 0.0259788 -0.0282946 -0.0205659 -0.0288941 -0.0369300 -0.0521441 -0.0912560 -0.1263549 -0.3109384 -0.2806554 -0.2437604 -0.1903177 -0.2318982 
-0.1237395 -0.1842983 0.0681385 0.7996765 0.4921228 0.1231375 0.0217569 -0.0776546 -0.0948852 -0.0477777 0.0162065 -0.0350531 -0.1285869 -0.2268117 -0.3824037 -0.4417903 -0.2794755 -0.1934016 -0.2430339 
-0.3065262 -0.3101158 0.1242998 0.1649302 0.7640696 0.2027294 0.0471782 -0.0372741 -0.0404349 -0.0502460 -0.0403978 -0.0930482 -0.1867586 -0.3324538 -0.4706919 -0.8464434 -0.4022225 -0.2439826 -0.2510494 
-0.3750929 -0.4565454 -0.6589702 0.0142197 0.1976165 0.1056842 0.0281491 -0.0729512 -0.0748727 -0.0958182 -0.0974127 -0.1318390 -0.1844365 -0.3101324 -0.3839631 -0.4930978 -0.4089817 -0.2177579 -0.2907773 
-0.4750090 -0.4904807 -0.4071363 -0.0563542 0.0556037 0.0307978 -0.0074483 -0.0507415 -0.0651805 -0.1178971 -0.1322975 -0.1556663 -0.1927255 -0.2306480 -0.3228070 -0.4192258 -0.3720130 -0.3200922 -0.3119174 
-0.5270640 -0.5236273 -0.4221842 -0.1651035 -0.0547858 -0.0286074 -0.0428007 -0.0656662 -0.0905578 -0.1579615 -0.1461198 -0.1724453 -0.2120686 -0.2559904 -0.3606066 -0.4519256 -0.3935395 -0.3372300 -0.2909773 
-0.4588742 -0.5226120 -0.7257110 -0.2116108 -0.0675933 -0.0600078 -0.0603763 -0.0747559 -0.1059956 -0.1463676 -0.1421539 -0.1621193 -0.1934561 -0.2974958 -0.3578804 -0.5226087 -0.4536221 -0.3294475 -0.2552252 
-0.3069482 -0.2513246 -0.1105033 -0.1404968 -0.0494620 -0.0512727 -0.0450535 -0.0620423 -0.0927064 -0.1013523 -0.1149109 -0.1600613 -0.2566396 -0.3745666 -0.4317416 -0.8461547 -0.4524152 -0.2160133 -0.2522694 
-0.1463389 -0.1851429 -0.0021832 -0.0316437 -0.0109657 0.0053019 -0.0092743 -0.0363622 -0.0814006 -0.0755634 -0.0975443 -0.1734290 -0.2442389 -0.2671146 -0.4451259 -0.4907483 -0.4238584 -0.2387107 -0.2795494 
0.0179398 -0.0546776 -0.1139729 0.0365432 0.0430071 0.0631274 0.0462790 -0.0287540 -0.1013537 -0.1284107 -0.1413986 -0.1664564 -0.2019501 -0.2081061 -0.3411575 -0.3968782 -0.3790277 -0.2965294 -0.3579996 
0.1419544 0.1236928 0.1172679 0.1578908 0.1554440 0.1506717 0.0751884 -0.0176167 -0.1923178 -0.2572811 -0.2959623 -0.3290316 -0.3620228 -0.3796288 -0.3939917 -0.4272909 -0.4205213 -0.4515399 -0.4127814 
0.2704791 0.3036469 0.3032881 0.3256225 0.3876907 0.2314526 0.0797653 -0.0922243 -0.2626605 -0.3943252 -0.4418224 -0.4678652 -0.4816573 -0.4822111 -0.4832175 -0.4781682 -0.4977185 -0.4947475 -0.4570094 
0.4920806 0.4924511 0.5222126 0.5962195 0.9846486 0.9850304 0.2024522 -0.7459424 -0.4615083 -0.4621865 -0.4756200 -0.4784324 -0.4890716 -0.4796296 -0.4928556 -0.5085182 -0.5713419 -0.5249344 -0.5680401 
0.6399803 0.6575732 0.7039607 0.9844295 0.9668605 0.9062768 0.9356118 0.2681521 -0.5348300 -0.6470162 -0.6878292 -0.6997048 -0.7018942 -0.6364604 -0.6205342 -0.6351640 -0.8879836 -0.7091342 -0.5878287 
0.6958921 0.7381964 0.8260208 0.9929475 0.9636256 0.9941734 -0.7839769 -0.8349155 -0.8641394 -0.9195412 -0.9487329 -0.9586067 -0.9638591 -0.9548324 -0.9721543 -0.6614476 -0.6166084 -0.6152012 -0.5843263 
0.7730426 0.8220679 0.8637481 0.9974895 0.9786640 0.9991158 0.9982145 0.9975801 0.9972412 0.9960480 0.9941646 0.9900191 0.9844634 0.9681261 0.9642450 -0.6627169 -0.3752146 -0.5477241 -0.5993204 
0.8339301 0.8540997 0.8840617 0.9476718 0.9952198 0.9558254 0.9674273 0.9681224 0.9613996 0.9539083 0.9412575 0.9236737 0.8971370 0.8063036 0.4730198 0.1431269 -0.4723407 -0.3972256 -0.5399594 
0.8432484 0.8403588 0.8936557 0.9345270 0.9266902 0.9229336 0.9593831 0.9418067 0.9324068 0.9296927 0.9203348 0.8816146 0.7943042 0.5632434 0.3683919 0.1364377 -0.1601230 -0.4621330 -0.5901648
2025-02-17 09:49:13+0800: GPU -1 finishing, processed 549 rows 548 batches
2025-02-17 09:49:13+0800: GPU -1 finishing, processed 544 rows 544 batches
2025-02-17 09:49:13+0800: GPU -1 finishing, processed 544 rows 543 batches
2025-02-17 09:49:13+0800: GPU -1 finishing, processed 549 rows 548 batches
2025-02-17 09:49:13+0800: All cleaned up, quitting
