2025-02-17 09:40:30+0800: Running with following config:
allowResignation = true
lagBuffer = 1.0
logAllGTPCommunication = true
logDir = gtp_logs
logSearchInfo = true
logSearchInfoForChosenMove = false
logToStderr = false
maxTimePondering = 60.0
maxVisits = 500
numSearchThreads = 6
ponderingEnabled = false
resignConsecTurns = 3
resignThreshold = -0.90
rules = tromp-taylor
searchFactorAfterOnePass = 0.50
searchFactorAfterTwoPass = 0.25
searchFactorWhenWinning = 0.40
searchFactorWhenWinningThreshold = 0.95

2025-02-17 09:40:30+0800: GTP Engine starting...
2025-02-17 09:40:30+0800: KataGo v1.15.0
2025-02-17 09:40:30+0800: Using TrompTaylor rules initially, unless GTP/GUI overrides this
2025-02-17 09:40:30+0800: Using 6 CPU thread(s) for search
2025-02-17 09:40:31+0800: nnRandSeed0 = 11232058508817770647
2025-02-17 09:40:31+0800: After dedups: nnModelFile0 = D:\download\katago-v1.15.0-eigen-windows-x64\kata1-b10c128-s41138688-d27396855.txt.gz useFP16 auto useNHWC auto
2025-02-17 09:40:31+0800: Initializing neural net buffer to be size 19 * 19 exactly
2025-02-17 09:40:32+0800: Eigen (CPU) backend thread 1: Model version 8
2025-02-17 09:40:32+0800: Eigen (CPU) backend thread 1: Model name: b10c128-s41138688-d27396855
2025-02-17 09:40:32+0800: Eigen (CPU) backend thread 2: Model version 8
2025-02-17 09:40:32+0800: Eigen (CPU) backend thread 2: Model name: b10c128-s41138688-d27396855
2025-02-17 09:40:32+0800: Eigen (CPU) backend thread 0: Model version 8
2025-02-17 09:40:32+0800: Eigen (CPU) backend thread 3: Model version 8
2025-02-17 09:40:32+0800: Eigen (CPU) backend thread 3: Model name: b10c128-s41138688-d27396855
2025-02-17 09:40:32+0800: Eigen (CPU) backend thread 0: Model name: b10c128-s41138688-d27396855
2025-02-17 09:40:32+0800: Loaded neural net with nnXLen 19 nnYLen 19
2025-02-17 09:40:32+0800: Initializing board with boardXSize 19 boardYSize 19
2025-02-17 09:40:32+0800: Loaded config D:\download\katago-v1.15.0-eigen-windows-x64\default_gtp.cfg
2025-02-17 09:40:32+0800: Loaded model D:\download\katago-v1.15.0-eigen-windows-x64\kata1-b10c128-s41138688-d27396855.txt.gz
2025-02-17 09:40:32+0800: Model name: b10c128-s41138688-d27396855
2025-02-17 09:40:32+0800: GTP ready, beginning main protocol loop
2025-02-17 09:40:48+0800: Controller: kgs-rules chinese
2025-02-17 09:40:48+0800: Changed rules to Chinese-OGS
2025-02-17 09:40:48+0800: = 
2025-02-17 09:40:48+0800: Controller: komi 7.5
2025-02-17 09:40:48+0800: = 
2025-02-17 09:40:48+0800: Controller: clear_board
2025-02-17 09:40:48+0800: = 
2025-02-17 09:40:48+0800: Controller: boardsize 19
2025-02-17 09:40:48+0800: = 
2025-02-17 09:40:48+0800: Controller: play B Q16
2025-02-17 09:40:48+0800: = 
2025-02-17 09:40:48+0800: Controller: play W D4
2025-02-17 09:40:48+0800: = 
2025-02-17 09:40:48+0800: Controller: play B Q4
2025-02-17 09:40:48+0800: = 
2025-02-17 09:40:48+0800: Controller: play W C17
2025-02-17 09:40:48+0800: = 
2025-02-17 09:40:48+0800: Controller: play B D16
2025-02-17 09:40:48+0800: = 
2025-02-17 09:40:48+0800: Controller: play W D17
2025-02-17 09:40:48+0800: = 
2025-02-17 09:40:48+0800: Controller: play B E16
2025-02-17 09:40:48+0800: = 
2025-02-17 09:40:48+0800: Controller: play W B15
2025-02-17 09:40:48+0800: = 
2025-02-17 09:40:48+0800: Controller: play B E17
2025-02-17 09:40:48+0800: = 
2025-02-17 09:40:48+0800: Controller: play W D14
2025-02-17 09:40:48+0800: = 
2025-02-17 09:40:48+0800: Controller: play B J16
2025-02-17 09:40:48+0800: = 
2025-02-17 09:40:48+0800: Controller: play W R14
2025-02-17 09:40:48+0800: = 
2025-02-17 09:40:48+0800: Controller: play B R15
2025-02-17 09:40:48+0800: = 
2025-02-17 09:40:48+0800: Controller: play W Q14
2025-02-17 09:40:48+0800: = 
2025-02-17 09:40:48+0800: Controller: play B O16
2025-02-17 09:40:48+0800: = 
2025-02-17 09:40:48+0800: Controller: play W Q10
2025-02-17 09:40:48+0800: = 
2025-02-17 09:40:48+0800: Controller: play B C6
2025-02-17 09:40:48+0800: = 
2025-02-17 09:40:48+0800: Controller: play W F3
2025-02-17 09:40:48+0800: = 
2025-02-17 09:40:48+0800: Controller: play B B4
2025-02-17 09:40:48+0800: = 
2025-02-17 09:40:48+0800: Controller: play W R6
2025-02-17 09:40:48+0800: = 
2025-02-17 09:40:48+0800: Controller: play B Q6
2025-02-17 09:40:48+0800: = 
2025-02-17 09:40:48+0800: Controller: play W R5
2025-02-17 09:40:48+0800: = 
2025-02-17 09:40:48+0800: Controller: play B Q5
2025-02-17 09:40:48+0800: = 
2025-02-17 09:40:48+0800: Controller: play W R4
2025-02-17 09:40:48+0800: = 
2025-02-17 09:40:48+0800: Controller: play B Q3
2025-02-17 09:40:48+0800: = 
2025-02-17 09:40:48+0800: Controller: play W R3
2025-02-17 09:40:48+0800: = 
2025-02-17 09:40:48+0800: Controller: play B R7
2025-02-17 09:40:48+0800: = 
2025-02-17 09:40:48+0800: Controller: play W R8
2025-02-17 09:40:48+0800: = 
2025-02-17 09:40:48+0800: Controller: play B S7
2025-02-17 09:40:48+0800: = 
2025-02-17 09:40:48+0800: Controller: play W Q7
2025-02-17 09:40:48+0800: = 
2025-02-17 09:40:48+0800: Controller: play B Q8
2025-02-17 09:40:48+0800: = 
2025-02-17 09:40:48+0800: Controller: play W P7
2025-02-17 09:40:48+0800: = 
2025-02-17 09:40:48+0800: Controller: play B R9
2025-02-17 09:40:48+0800: = 
2025-02-17 09:40:48+0800: Controller: play W S6
2025-02-17 09:40:48+0800: = 
2025-02-17 09:40:48+0800: Controller: play B S8
2025-02-17 09:40:48+0800: = 
2025-02-17 09:40:48+0800: Controller: play W O5
2025-02-17 09:40:48+0800: = 
2025-02-17 09:40:48+0800: Controller: play B Q2
2025-02-17 09:40:48+0800: = 
2025-02-17 09:40:48+0800: Controller: play W R2
2025-02-17 09:40:48+0800: = 
2025-02-17 09:40:48+0800: Controller: play B N3
2025-02-17 09:40:48+0800: = 
2025-02-17 09:40:48+0800: Controller: play W M4
2025-02-17 09:40:48+0800: = 
2025-02-17 09:40:48+0800: Controller: play B M3
2025-02-17 09:40:48+0800: = 
2025-02-17 09:40:48+0800: Controller: play W L4
2025-02-17 09:40:48+0800: = 
2025-02-17 09:40:48+0800: Controller: play B K2
2025-02-17 09:40:48+0800: = 
2025-02-17 09:40:48+0800: Controller: play W J3
2025-02-17 09:40:48+0800: = 
2025-02-17 09:40:48+0800: Controller: play B J2
2025-02-17 09:40:48+0800: = 
2025-02-17 09:40:48+0800: Controller: play W H3
2025-02-17 09:40:48+0800: = 
2025-02-17 09:40:49+0800: Controller: play B P9
2025-02-17 09:40:49+0800: = 
2025-02-17 09:40:49+0800: Controller: play W O3
2025-02-17 09:40:49+0800: = 
2025-02-17 09:40:49+0800: Controller: play B O2
2025-02-17 09:40:49+0800: = 
2025-02-17 09:40:49+0800: Controller: play W N4
2025-02-17 09:40:49+0800: = 
2025-02-17 09:40:49+0800: Controller: play B P3
2025-02-17 09:40:49+0800: = 
2025-02-17 09:40:49+0800: Controller: play W S10
2025-02-17 09:40:49+0800: = 
2025-02-17 09:40:49+0800: Controller: play B R10
2025-02-17 09:40:49+0800: = 
2025-02-17 09:40:49+0800: Controller: play W R11
2025-02-17 09:40:49+0800: = 
2025-02-17 09:40:49+0800: Controller: play B Q11
2025-02-17 09:40:49+0800: = 
2025-02-17 09:40:49+0800: Controller: play W R12
2025-02-17 09:40:49+0800: = 
2025-02-17 09:40:49+0800: Controller: play B P10
2025-02-17 09:40:49+0800: = 
2025-02-17 09:40:49+0800: Controller: play W Q12
2025-02-17 09:40:49+0800: = 
2025-02-17 09:40:49+0800: Controller: play B P11
2025-02-17 09:40:49+0800: = 
2025-02-17 09:40:49+0800: Controller: play W M7
2025-02-17 09:40:49+0800: = 
2025-02-17 09:40:49+0800: Controller: play B D9
2025-02-17 09:40:49+0800: = 
2025-02-17 09:40:49+0800: Controller: play W C11
2025-02-17 09:40:49+0800: = 
2025-02-17 09:40:49+0800: Controller: play B C10
2025-02-17 09:40:49+0800: = 
2025-02-17 09:40:49+0800: Controller: play W B11
2025-02-17 09:40:49+0800: = 
2025-02-17 09:40:49+0800: Controller: play B C3
2025-02-17 09:40:49+0800: = 
2025-02-17 09:40:49+0800: Controller: play W D3
2025-02-17 09:40:49+0800: = 
2025-02-17 09:40:49+0800: Controller: play B D11
2025-02-17 09:40:49+0800: = 
2025-02-17 09:40:49+0800: Controller: play W C8
2025-02-17 09:40:49+0800: = 
2025-02-17 09:40:49+0800: Controller: play B D8
2025-02-17 09:40:49+0800: = 
2025-02-17 09:40:49+0800: Controller: play W B10
2025-02-17 09:40:49+0800: = 
2025-02-17 09:40:49+0800: Controller: play B C9
2025-02-17 09:40:49+0800: = 
2025-02-17 09:40:49+0800: Controller: play W B8
2025-02-17 09:40:49+0800: = 
2025-02-17 09:40:49+0800: Controller: play B B9
2025-02-17 09:40:49+0800: = 
2025-02-17 09:40:49+0800: Controller: play W A9
2025-02-17 09:40:49+0800: = 
2025-02-17 09:40:49+0800: Controller: play B D13
2025-02-17 09:40:49+0800: = 
2025-02-17 09:40:49+0800: Controller: play W C13
2025-02-17 09:40:49+0800: = 
2025-02-17 09:40:49+0800: Controller: play B C12
2025-02-17 09:40:49+0800: = 
2025-02-17 09:40:49+0800: Controller: play W B12
2025-02-17 09:40:49+0800: = 
2025-02-17 09:40:49+0800: Controller: play B D12
2025-02-17 09:40:49+0800: = 
2025-02-17 09:40:49+0800: Controller: play W E10
2025-02-17 09:40:49+0800: = 
2025-02-17 09:40:49+0800: Controller: play B B7
2025-02-17 09:40:49+0800: = 
2025-02-17 09:40:49+0800: Controller: play W B13
2025-02-17 09:40:49+0800: = 
2025-02-17 09:40:49+0800: Controller: play B A10
2025-02-17 09:40:49+0800: = 
2025-02-17 09:40:49+0800: Controller: play W A11
2025-02-17 09:40:49+0800: = 
2025-02-17 09:40:49+0800: Controller: play B E14
2025-02-17 09:40:49+0800: = 
2025-02-17 09:40:49+0800: Controller: play W D10
2025-02-17 09:40:49+0800: = 
2025-02-17 09:40:49+0800: Controller: play B C7
2025-02-17 09:40:49+0800: = 
2025-02-17 09:40:49+0800: Controller: play W A8
2025-02-17 09:40:49+0800: = 
2025-02-17 09:40:49+0800: Controller: play B A7
2025-02-17 09:40:49+0800: = 
2025-02-17 09:40:49+0800: Controller: play W A10
2025-02-17 09:40:49+0800: = 
2025-02-17 09:40:49+0800: Controller: play B C14
2025-02-17 09:40:49+0800: = 
2025-02-17 09:40:49+0800: Controller: play W B14
2025-02-17 09:40:49+0800: = 
2025-02-17 09:40:49+0800: Controller: play B F5
2025-02-17 09:40:49+0800: = 
2025-02-17 09:40:49+0800: Controller: play W E6
2025-02-17 09:40:49+0800: = 
2025-02-17 09:40:49+0800: Controller: play B E5
2025-02-17 09:40:49+0800: = 
2025-02-17 09:40:49+0800: Controller: play W D5
2025-02-17 09:40:49+0800: = 
2025-02-17 09:40:49+0800: Controller: play B E7
2025-02-17 09:40:49+0800: = 
2025-02-17 09:40:49+0800: Controller: play W D6
2025-02-17 09:40:49+0800: = 
2025-02-17 09:40:49+0800: Controller: play B D7
2025-02-17 09:40:49+0800: = 
2025-02-17 09:40:49+0800: Controller: play W F7
2025-02-17 09:40:49+0800: = 
2025-02-17 09:40:49+0800: Controller: play B F8
2025-02-17 09:40:49+0800: = 
2025-02-17 09:40:49+0800: Controller: play W G7
2025-02-17 09:40:49+0800: = 
2025-02-17 09:40:49+0800: Controller: play B G8
2025-02-17 09:40:49+0800: = 
2025-02-17 09:40:49+0800: Controller: play W H7
2025-02-17 09:40:49+0800: = 
2025-02-17 09:40:49+0800: Controller: play B H8
2025-02-17 09:40:49+0800: = 
2025-02-17 09:40:49+0800: Controller: play W J8
2025-02-17 09:40:49+0800: = 
2025-02-17 09:40:49+0800: Controller: play B J9
2025-02-17 09:40:49+0800: = 
2025-02-17 09:40:49+0800: Controller: play W K8
2025-02-17 09:40:49+0800: = 
2025-02-17 09:40:49+0800: Controller: play B K9
2025-02-17 09:40:49+0800: = 
2025-02-17 09:40:49+0800: Controller: play W L16
2025-02-17 09:40:49+0800: = 
2025-02-17 09:40:49+0800: Controller: play B M17
2025-02-17 09:40:49+0800: = 
2025-02-17 09:40:49+0800: Controller: play W L17
2025-02-17 09:40:49+0800: = 
2025-02-17 09:40:49+0800: Controller: play B M18
2025-02-17 09:40:49+0800: = 
2025-02-17 09:40:49+0800: Controller: play W J17
2025-02-17 09:40:49+0800: = 
2025-02-17 09:40:49+0800: Controller: play B H16
2025-02-17 09:40:49+0800: = 
2025-02-17 09:40:49+0800: Controller: play W H17
2025-02-17 09:40:49+0800: = 
2025-02-17 09:40:49+0800: Controller: play B O14
2025-02-17 09:40:49+0800: = 
2025-02-17 09:40:49+0800: Controller: play W G16
2025-02-17 09:40:49+0800: = 
2025-02-17 09:40:49+0800: Controller: play B G15
2025-02-17 09:40:49+0800: = 
2025-02-17 09:40:49+0800: Controller: play W G17
2025-02-17 09:40:49+0800: = 
2025-02-17 09:40:49+0800: Controller: play B L18
2025-02-17 09:40:49+0800: = 
2025-02-17 09:40:49+0800: Controller: play W K18
2025-02-17 09:40:49+0800: = 
2025-02-17 09:40:49+0800: Controller: play B K16
2025-02-17 09:40:49+0800: = 
2025-02-17 09:40:49+0800: Controller: play W K17
2025-02-17 09:40:49+0800: = 
2025-02-17 09:40:49+0800: Controller: play B H15
2025-02-17 09:40:49+0800: = 
2025-02-17 09:40:49+0800: Controller: play W L14
2025-02-17 09:40:49+0800: = 
2025-02-17 09:40:49+0800: Controller: play B M15
2025-02-17 09:40:49+0800: = 
2025-02-17 09:40:49+0800: Controller: play W K15
2025-02-17 09:40:49+0800: = 
2025-02-17 09:40:49+0800: Controller: play B L15
2025-02-17 09:40:49+0800: = 
2025-02-17 09:40:49+0800: Controller: play W M16
2025-02-17 09:40:49+0800: = 
2025-02-17 09:40:49+0800: Controller: play B N16
2025-02-17 09:40:49+0800: = 
2025-02-17 09:40:49+0800: Controller: play W N17
2025-02-17 09:40:50+0800: = 
2025-02-17 09:40:50+0800: Controller: play B O17
2025-02-17 09:40:50+0800: = 
2025-02-17 09:40:50+0800: Controller: play W F18
2025-02-17 09:40:50+0800: = 
2025-02-17 09:40:50+0800: Controller: play B E18
2025-02-17 09:40:50+0800: = 
2025-02-17 09:40:50+0800: Controller: play W H18
2025-02-17 09:40:50+0800: = 
2025-02-17 09:40:50+0800: Controller: play B N8
2025-02-17 09:40:50+0800: = 
2025-02-17 09:40:50+0800: Controller: play W F15
2025-02-17 09:40:50+0800: = 
2025-02-17 09:40:50+0800: Controller: play B F14
2025-02-17 09:40:50+0800: = 
2025-02-17 09:40:50+0800: Controller: play W F16
2025-02-17 09:40:50+0800: = 
2025-02-17 09:40:50+0800: Controller: play B G13
2025-02-17 09:40:50+0800: = 
2025-02-17 09:40:50+0800: Controller: play W C15
2025-02-17 09:40:50+0800: = 
2025-02-17 09:40:50+0800: Controller: play B E15
2025-02-17 09:40:50+0800: = 
2025-02-17 09:40:50+0800: Controller: play W O13
2025-02-17 09:40:50+0800: = 
2025-02-17 09:40:50+0800: Controller: play B N13
2025-02-17 09:40:50+0800: = 
2025-02-17 09:40:50+0800: Controller: play W N14
2025-02-17 09:40:50+0800: = 
2025-02-17 09:40:50+0800: Controller: play B N15
2025-02-17 09:40:50+0800: = 
2025-02-17 09:40:50+0800: Controller: play W P14
2025-02-17 09:40:50+0800: = 
2025-02-17 09:40:50+0800: Controller: play B O12
2025-02-17 09:40:50+0800: = 
2025-02-17 09:40:50+0800: Controller: play W O15
2025-02-17 09:40:50+0800: = 
2025-02-17 09:40:50+0800: Controller: play B M14
2025-02-17 09:40:50+0800: = 
2025-02-17 09:40:50+0800: Controller: play W O14
2025-02-17 09:40:50+0800: = 
2025-02-17 09:40:50+0800: Controller: play B M8
2025-02-17 09:40:50+0800: = 
2025-02-17 09:40:50+0800: Controller: play W R17
2025-02-17 09:40:50+0800: = 
2025-02-17 09:40:50+0800: Controller: play B R16
2025-02-17 09:40:50+0800: = 
2025-02-17 09:40:50+0800: Controller: play W S16
2025-02-17 09:40:50+0800: = 
2025-02-17 09:40:50+0800: Controller: play B S15
2025-02-17 09:40:50+0800: = 
2025-02-17 09:40:50+0800: Controller: play W S18
2025-02-17 09:40:50+0800: = 
2025-02-17 09:40:50+0800: Controller: play B T16
2025-02-17 09:40:50+0800: = 
2025-02-17 09:40:50+0800: Controller: play W T17
2025-02-17 09:40:50+0800: = 
2025-02-17 09:40:50+0800: Controller: play B S17
2025-02-17 09:40:50+0800: = 
2025-02-17 09:40:50+0800: Controller: play W M13
2025-02-17 09:40:50+0800: = 
2025-02-17 09:40:50+0800: Controller: play B N12
2025-02-17 09:40:50+0800: = 
2025-02-17 09:40:50+0800: Controller: play W S16
2025-02-17 09:40:50+0800: = 
2025-02-17 09:40:50+0800: Controller: play B T15
2025-02-17 09:40:50+0800: = 
2025-02-17 09:40:50+0800: Controller: play W P18
2025-02-17 09:40:50+0800: = 
2025-02-17 09:40:50+0800: Controller: play B S17
2025-02-17 09:40:50+0800: = 
2025-02-17 09:40:50+0800: Controller: play W P16
2025-02-17 09:40:50+0800: = 
2025-02-17 09:40:50+0800: Controller: play B P17
2025-02-17 09:40:50+0800: = 
2025-02-17 09:40:50+0800: Controller: play W Q17
2025-02-17 09:40:50+0800: = 
2025-02-17 09:40:50+0800: Controller: play B O18
2025-02-17 09:40:50+0800: = 
2025-02-17 09:40:50+0800: Controller: play W P15
2025-02-17 09:40:50+0800: = 
2025-02-17 09:40:50+0800: Controller: play B Q18
2025-02-17 09:40:50+0800: = 
2025-02-17 09:40:50+0800: Controller: play W R18
2025-02-17 09:40:50+0800: = 
2025-02-17 09:40:50+0800: Controller: play B P19
2025-02-17 09:40:50+0800: = 
2025-02-17 09:40:50+0800: Controller: play W S16
2025-02-17 09:40:50+0800: = 
2025-02-17 09:40:50+0800: Controller: play B R19
2025-02-17 09:40:50+0800: = 
2025-02-17 09:40:50+0800: Controller: play W S19
2025-02-17 09:40:50+0800: = 
2025-02-17 09:40:50+0800: Controller: play B Q19
2025-02-17 09:40:50+0800: = 
2025-02-17 09:40:50+0800: Controller: play W S14
2025-02-17 09:40:50+0800: = 
2025-02-17 09:40:50+0800: Controller: play B S17
2025-02-17 09:40:50+0800: = 
2025-02-17 09:40:50+0800: Controller: play W H14
2025-02-17 09:40:50+0800: = 
2025-02-17 09:40:50+0800: Controller: play B G14
2025-02-17 09:40:50+0800: = 
2025-02-17 09:40:50+0800: Controller: play W S16
2025-02-17 09:40:50+0800: = 
2025-02-17 09:40:50+0800: Controller: play B T18
2025-02-17 09:40:50+0800: = 
2025-02-17 09:40:50+0800: Controller: play W T19
2025-02-17 09:40:50+0800: = 
2025-02-17 09:40:50+0800: Controller: play B S17
2025-02-17 09:40:50+0800: = 
2025-02-17 09:40:50+0800: Controller: play W E13
2025-02-17 09:40:50+0800: = 
2025-02-17 09:40:50+0800: Controller: play B E12
2025-02-17 09:40:50+0800: = 
2025-02-17 09:40:50+0800: Controller: play W S16
2025-02-17 09:40:50+0800: = 
2025-02-17 09:40:50+0800: Controller: play B K3
2025-02-17 09:40:50+0800: = 
2025-02-17 09:40:50+0800: Controller: play W K4
2025-02-17 09:40:50+0800: = 
2025-02-17 09:40:50+0800: Controller: play B S17
2025-02-17 09:40:50+0800: = 
2025-02-17 09:40:50+0800: Controller: play W F12
2025-02-17 09:40:50+0800: = 
2025-02-17 09:40:50+0800: Controller: play B F13
2025-02-17 09:40:50+0800: = 
2025-02-17 09:40:50+0800: Controller: play W S16
2025-02-17 09:40:50+0800: = 
2025-02-17 09:40:50+0800: Controller: play B E13
2025-02-17 09:40:50+0800: = 
2025-02-17 09:40:50+0800: Controller: play W T14
2025-02-17 09:40:50+0800: = 
2025-02-17 09:40:50+0800: Controller: play B S17
2025-02-17 09:40:50+0800: = 
2025-02-17 09:40:50+0800: Controller: play W L8
2025-02-17 09:40:50+0800: = 
2025-02-17 09:40:50+0800: Controller: play B L9
2025-02-17 09:40:50+0800: = 
2025-02-17 09:40:50+0800: Controller: play W S16
2025-02-17 09:40:50+0800: = 
2025-02-17 09:40:50+0800: Controller: play B J7
2025-02-17 09:40:50+0800: = 
2025-02-17 09:40:50+0800: Controller: play W J6
2025-02-17 09:40:50+0800: = 
2025-02-17 09:40:50+0800: Controller: play B S17
2025-02-17 09:40:50+0800: = 
2025-02-17 09:40:50+0800: Controller: play W L3
2025-02-17 09:40:50+0800: = 
2025-02-17 09:40:50+0800: Controller: play B L2
2025-02-17 09:40:50+0800: = 
2025-02-17 09:40:50+0800: Controller: play W S16
2025-02-17 09:40:50+0800: = 
2025-02-17 09:40:50+0800: Controller: play B L7
2025-02-17 09:40:50+0800: = 
2025-02-17 09:40:50+0800: Controller: play W K7
2025-02-17 09:40:50+0800: = 
2025-02-17 09:40:50+0800: Controller: play B S17
2025-02-17 09:40:50+0800: = 
2025-02-17 09:40:50+0800: Controller: play W C5
2025-02-17 09:40:50+0800: = 
2025-02-17 09:40:50+0800: Controller: play B B5
2025-02-17 09:40:50+0800: = 
2025-02-17 09:40:50+0800: Controller: play W S16
2025-02-17 09:40:50+0800: = 
2025-02-17 09:40:50+0800: Controller: play B K6
2025-02-17 09:40:50+0800: = 
2025-02-17 09:40:50+0800: Controller: play W L6
2025-02-17 09:40:50+0800: = 
2025-02-17 09:40:50+0800: Controller: play B S17
2025-02-17 09:40:50+0800: = 
2025-02-17 09:40:51+0800: Controller: play W N2
2025-02-17 09:40:51+0800: = 
2025-02-17 09:40:51+0800: Controller: play B M2
2025-02-17 09:40:51+0800: = 
2025-02-17 09:40:51+0800: Controller: play W S16
2025-02-17 09:40:51+0800: = 
2025-02-17 09:40:51+0800: Controller: play B G19
2025-02-17 09:40:51+0800: = 
2025-02-17 09:40:51+0800: Controller: play W F19
2025-02-17 09:40:51+0800: = 
2025-02-17 09:40:51+0800: Controller: play B S17
2025-02-17 09:40:51+0800: = 
2025-02-17 09:40:51+0800: Controller: play W P2
2025-02-17 09:40:51+0800: = 
2025-02-17 09:40:51+0800: Controller: play B P1
2025-02-17 09:40:51+0800: = 
2025-02-17 09:40:51+0800: Controller: play W S16
2025-02-17 09:40:51+0800: = 
2025-02-17 09:40:51+0800: Controller: play B J19
2025-02-17 09:40:51+0800: = 
2025-02-17 09:40:51+0800: Controller: play W K19
2025-02-17 09:40:51+0800: = 
2025-02-17 09:40:51+0800: Controller: play B S17
2025-02-17 09:40:51+0800: = 
2025-02-17 09:40:51+0800: Controller: play W O1
2025-02-17 09:40:51+0800: = 
2025-02-17 09:40:51+0800: Controller: play B O4
2025-02-17 09:40:51+0800: = 
2025-02-17 09:40:51+0800: Controller: play W S16
2025-02-17 09:40:51+0800: = 
2025-02-17 09:40:51+0800: Controller: play B R1
2025-02-17 09:40:51+0800: = 
2025-02-17 09:40:51+0800: Controller: play W S1
2025-02-17 09:40:51+0800: = 
2025-02-17 09:40:51+0800: Controller: play B S17
2025-02-17 09:40:51+0800: = 
2025-02-17 09:40:51+0800: Controller: play W Q1
2025-02-17 09:40:51+0800: = 
2025-02-17 09:40:51+0800: Controller: play B N1
2025-02-17 09:40:51+0800: = 
2025-02-17 09:40:51+0800: Controller: play W S16
2025-02-17 09:40:51+0800: = 
2025-02-17 09:40:51+0800: Controller: play B R1
2025-02-17 09:40:51+0800: = 
2025-02-17 09:40:51+0800: Controller: play W T2
2025-02-17 09:40:51+0800: = 
2025-02-17 09:40:51+0800: Controller: play B S17
2025-02-17 09:40:51+0800: = 
2025-02-17 09:40:51+0800: Controller: play W C2
2025-02-17 09:40:51+0800: = 
2025-02-17 09:40:51+0800: Controller: play B T18
2025-02-17 09:40:51+0800: = 
2025-02-17 09:40:51+0800: Controller: play W B3
2025-02-17 09:40:51+0800: = 
2025-02-17 09:40:51+0800: Controller: play B C4
2025-02-17 09:40:51+0800: = 
2025-02-17 09:40:51+0800: Controller: play W B2
2025-02-17 09:40:51+0800: = 
2025-02-17 09:40:51+0800: Controller: play B H19
2025-02-17 09:40:51+0800: = 
2025-02-17 09:40:51+0800: Controller: play W F17
2025-02-17 09:40:51+0800: = 
2025-02-17 09:40:51+0800: Controller: play B C16
2025-02-17 09:40:51+0800: = 
2025-02-17 09:40:51+0800: Controller: play W B16
2025-02-17 09:40:51+0800: = 
2025-02-17 09:40:51+0800: Controller: play B C18
2025-02-17 09:40:51+0800: = 
2025-02-17 09:40:51+0800: Controller: play W B18
2025-02-17 09:40:51+0800: = 
2025-02-17 09:40:51+0800: Controller: play B D18
2025-02-17 09:40:51+0800: = 
2025-02-17 09:40:51+0800: Controller: play W B17
2025-02-17 09:40:51+0800: = 
2025-02-17 09:40:51+0800: Controller: play B B19
2025-02-17 09:40:51+0800: = 
2025-02-17 09:40:51+0800: Controller: play W N7
2025-02-17 09:40:51+0800: = 
2025-02-17 09:40:51+0800: Controller: play B O8
2025-02-17 09:40:51+0800: = 
2025-02-17 09:40:51+0800: Controller: play W O7
2025-02-17 09:40:51+0800: = 
2025-02-17 09:40:51+0800: Controller: play B S9
2025-02-17 09:40:51+0800: = 
2025-02-17 09:40:51+0800: Controller: play W T11
2025-02-17 09:40:51+0800: = 
2025-02-17 09:40:51+0800: Controller: play B F1
2025-02-17 09:40:51+0800: = 
2025-02-17 09:40:51+0800: Controller: play W F2
2025-02-17 09:40:51+0800: = 
2025-02-17 09:40:51+0800: Controller: play B G1
2025-02-17 09:40:51+0800: = 
2025-02-17 09:40:51+0800: Controller: play W E1
2025-02-17 09:40:51+0800: = 
2025-02-17 09:40:51+0800: Controller: play B H2
2025-02-17 09:40:51+0800: = 
2025-02-17 09:40:51+0800: Controller: play W G2
2025-02-17 09:40:51+0800: = 
2025-02-17 09:40:51+0800: Controller: play B H1
2025-02-17 09:40:51+0800: = 
2025-02-17 09:40:51+0800: Controller: play W P5
2025-02-17 09:40:51+0800: = 
2025-02-17 09:40:51+0800: Controller: play B P6
2025-02-17 09:40:51+0800: = 
2025-02-17 09:40:51+0800: Controller: play W O6
2025-02-17 09:40:51+0800: = 
2025-02-17 09:40:51+0800: Controller: play B P4
2025-02-17 09:40:51+0800: = 
2025-02-17 09:40:51+0800: Controller: play W M19
2025-02-17 09:40:51+0800: = 
2025-02-17 09:40:51+0800: Controller: play B N18
2025-02-17 09:40:51+0800: = 
2025-02-17 09:40:51+0800: Controller: play W L19
2025-02-17 09:40:51+0800: = 
2025-02-17 09:40:51+0800: Controller: play B T9
2025-02-17 09:40:51+0800: = 
2025-02-17 09:40:51+0800: Controller: play W S11
2025-02-17 09:40:51+0800: = 
2025-02-17 09:40:51+0800: Controller: play B T6
2025-02-17 09:40:51+0800: = 
2025-02-17 09:40:51+0800: Controller: play W T5
2025-02-17 09:40:51+0800: = 
2025-02-17 09:40:51+0800: Controller: play B T7
2025-02-17 09:40:51+0800: = 
2025-02-17 09:40:51+0800: Controller: play W C19
2025-02-17 09:40:51+0800: = 
2025-02-17 09:40:51+0800: Controller: play B D19
2025-02-17 09:40:51+0800: = 
2025-02-17 09:40:51+0800: Controller: play W A4
2025-02-17 09:40:51+0800: = 
2025-02-17 09:40:51+0800: Controller: play B A5
2025-02-17 09:40:51+0800: = 
2025-02-17 09:40:51+0800: Controller: play W A3
2025-02-17 09:40:51+0800: = 
2025-02-17 09:40:51+0800: Controller: play B P12
2025-02-17 09:40:51+0800: = 
2025-02-17 09:40:51+0800: Controller: play W P13
2025-02-17 09:40:51+0800: = 
2025-02-17 09:40:51+0800: Controller: play B T4
2025-02-17 09:40:51+0800: = 
2025-02-17 09:40:51+0800: Controller: play W S5
2025-02-17 09:40:51+0800: = 
2025-02-17 09:40:51+0800: Controller: play B Q1
2025-02-17 09:40:51+0800: = 
2025-02-17 09:40:51+0800: Controller: play W A18
2025-02-17 09:40:51+0800: = 
2025-02-17 09:40:51+0800: Controller: play B N19
2025-02-17 09:40:51+0800: = 
2025-02-17 09:40:51+0800: Controller: play W A19
2025-02-17 09:40:51+0800: = 
2025-02-17 09:40:51+0800: Controller: play B C19
2025-02-17 09:40:51+0800: = 
2025-02-17 09:40:52+0800: Controller: kata-raw-nn 0
2025-02-17 09:40:52+0800: = symmetry 0
whiteWin 0.000372
whiteLoss 0.999628
noResult 0.000000
whiteLead -29.936
whiteScoreSelfplay -30.599
whiteScoreSelfplaySq 984.544
varTimeLeft -1.000
shorttermWinlossError -1.000
shorttermScoreError -1.000
policy
    NAN     NAN     NAN     NAN 0.044368     NAN     NAN     NAN     NAN     NAN     NAN     NAN     NAN     NAN     NAN     NAN     NAN 0.000332 0.000337 
    NAN     NAN     NAN     NAN     NAN     NAN 0.036922     NAN 0.009091     NAN     NAN     NAN     NAN     NAN     NAN     NAN 0.000332 0.000511     NAN 
0.000590     NAN     NAN     NAN     NAN     NAN     NAN     NAN     NAN     NAN     NAN     NAN     NAN     NAN     NAN 0.000455 0.000513     NAN     NAN 
0.000620     NAN     NAN     NAN     NAN     NAN     NAN     NAN     NAN     NAN     NAN     NAN     NAN     NAN     NAN     NAN     NAN     NAN     NAN 
0.000586     NAN     NAN 0.165198     NAN     NAN     NAN     NAN 0.006617     NAN     NAN     NAN     NAN     NAN     NAN 0.075542     NAN     NAN     NAN 
0.000594     NAN 0.002984     NAN     NAN     NAN     NAN     NAN 0.022860 0.017407     NAN     NAN     NAN     NAN     NAN     NAN     NAN     NAN     NAN 
0.000819     NAN     NAN     NAN     NAN     NAN     NAN 0.018660 0.002197 0.008850 0.009571     NAN     NAN     NAN     NAN 0.001008 0.002329 0.001941 0.000599 
0.000593     NAN     NAN     NAN     NAN     NAN 0.044412 0.013450 0.001783 0.000620 0.001239 0.003335     NAN     NAN     NAN     NAN     NAN 0.001209 0.000589 
    NAN     NAN     NAN     NAN 0.006756 0.030771 0.008258 0.003931 0.000987 0.000624 0.000515 0.000568 0.000344 0.000327     NAN     NAN     NAN     NAN     NAN 
    NAN     NAN     NAN     NAN     NAN 0.020459 0.020499 0.003860 0.000509 0.000341 0.000407 0.000550 0.000414 0.000350     NAN     NAN     NAN     NAN 0.060604 
    NAN     NAN     NAN     NAN 0.023066 0.016211 0.001239 0.007697     NAN     NAN     NAN 0.001194 0.000372 0.000459     NAN     NAN     NAN     NAN     NAN 
    NAN     NAN     NAN     NAN 0.005263     NAN     NAN     NAN     NAN     NAN     NAN     NAN     NAN     NAN 0.125241     NAN     NAN     NAN     NAN 
    NAN     NAN     NAN     NAN     NAN     NAN     NAN     NAN 0.002346     NAN 0.001963     NAN     NAN     NAN     NAN     NAN     NAN     NAN     NAN 
0.013281 0.017490     NAN     NAN     NAN 0.007980 0.000901 0.000930     NAN     NAN     NAN 0.001102 0.001022     NAN     NAN     NAN     NAN     NAN     NAN 
    NAN     NAN     NAN     NAN     NAN     NAN 0.005269 0.000829 0.001532 0.005096 0.001122 0.001379 0.001099     NAN     NAN     NAN     NAN     NAN     NAN 
    NAN     NAN     NAN     NAN 0.004683 0.005543 0.002670 0.001108 0.002296     NAN     NAN     NAN     NAN     NAN     NAN     NAN     NAN 0.004656     NAN 
    NAN     NAN     NAN     NAN 0.003158     NAN 0.001916     NAN     NAN     NAN     NAN     NAN     NAN     NAN     NAN     NAN     NAN 0.008212 0.007938 
0.000553     NAN     NAN 0.014672 0.015567     NAN     NAN     NAN     NAN     NAN     NAN     NAN     NAN     NAN     NAN     NAN     NAN 0.008663     NAN 
0.000856 0.000605 0.000807 0.002868     NAN     NAN     NAN     NAN 0.000361 0.000345 0.000277 0.000354     NAN     NAN     NAN     NAN     NAN     NAN 0.000235 
policyPass 0.007437 
whiteOwnership
0.9975815 -0.9959002 -0.9990489 -0.9997038 -0.6321741 0.9687493 -0.8578237 -0.7950241 -0.8922109 0.9786655 0.9773527 0.9917030 -0.9984468 -0.9985190 -0.9996649 -0.9998117 -0.9996012 -0.9971806 -0.9971190 
0.9966717 0.9963993 -0.9984387 -0.9992154 -0.9985538 0.9850694 -0.1251980 0.9106591 -0.3637271 0.9635321 -0.9979182 -0.9992066 -0.9997506 -0.9996013 -0.9987925 -0.9995860 -0.9947499 -0.9962690 -0.9996948 
0.9923816 0.9914970 0.9938524 0.9968830 -0.9981606 0.9944925 0.9534411 0.9745107 0.9263215 0.9624878 0.9844701 -0.9985665 -0.9984576 -0.9997034 -0.9991204 -0.9966255 -0.9946854 -0.9982288 -0.9987606 
0.9929273 0.9807812 -0.9932567 -0.9972378 -0.9965482 0.9979685 0.9948108 -0.9945721 -0.9907556 -0.9979023 0.9903089 0.9933710 -0.9992144 -0.9984949 0.9909931 -0.9970667 -0.9993347 -0.9984716 -0.9998726 
0.9908942 0.9926875 0.9867694 0.2083883 -0.9970451 0.9966875 -0.9881250 -0.9861553 -0.9608397 -0.9896891 -0.9992189 -0.9979815 -0.9972681 0.9942363 0.9916998 -0.0674120 -0.9971911 -0.9985862 -0.9995996 
0.9879559 0.9940924 0.9489564 0.9788310 -0.9961737 -0.9967157 -0.9827738 -0.9626183 -0.9725669 -0.9577045 -0.9661117 -0.9972938 0.9940821 0.9946575 0.9911311 0.9930133 0.9737725 0.9714042 0.9914959 
0.9882907 0.9938309 0.9909294 -0.9974808 -0.9964460 -0.9964256 -0.9902952 -0.9539408 -0.9521197 -0.9668009 -0.9757642 -0.9927325 -0.9985943 0.9884150 0.9851129 0.9613928 0.9530356 0.9302924 0.9827662 
0.9918243 0.9870017 -0.9948601 -0.9987280 -0.9972599 -0.9528069 -0.9556470 -0.9389216 -0.9536818 -0.9734747 -0.9802265 -0.9881299 -0.9997117 -0.9990289 -0.9992539 0.9882979 0.9794964 0.9357246 0.9882559 
0.9968431 0.9899493 0.9913385 -0.9969993 -0.9818063 -0.9629413 -0.9485697 -0.9462612 -0.9504712 -0.9648255 -0.9837578 -0.9880723 -0.9957928 -0.9965335 -0.9996947 -0.9991077 0.9832060 0.9826184 0.9940663 
0.9961058 0.9927935 -0.9949225 -0.9665313 -0.9191295 -0.9421980 -0.9330614 -0.9496729 -0.9711876 -0.9785773 -0.9844947 -0.9876381 -0.9941876 -0.9970387 -0.9997421 -0.9983763 -0.9983742 0.9903556 -0.0282071 
0.9954452 -0.9938675 -0.9969553 -0.9885093 -0.9677494 -0.9591336 -0.9666073 -0.9810758 -0.9977883 -0.9971524 -0.9975825 -0.9907476 -0.9962683 -0.9960429 -0.9995018 -0.9970616 -0.9997185 -0.9996182 -0.9992274 
0.9917479 0.9943100 0.9768935 -0.9963437 -0.9790593 -0.9907469 -0.9901356 -0.9927747 0.9866905 0.9774140 0.9815744 -0.9958202 -0.9983798 -0.9983763 0.1978476 -0.9975729 -0.9983412 -0.9996496 -0.9991415 
-0.9974917 -0.9978075 -0.9963478 -0.9944993 -0.9905417 0.9806325 0.9879745 0.9877355 0.9814219 0.9855208 0.9815304 0.9872366 0.9934784 0.9931518 0.9961389 0.9975421 -0.9992070 -0.9993225 -0.9998934 
-0.9886770 -0.9892480 -0.9970295 0.9939218 0.9952270 0.9798822 0.9767504 0.9749550 0.9960426 0.9779670 0.9937159 0.9810929 0.9892031 0.9939357 -0.9960451 -0.9972660 0.9965212 0.9956372 -0.9990611 
-0.9982154 -0.9975297 0.9959310 0.9867841 0.9814064 0.9576923 0.9552305 0.9673387 0.9710680 0.9656199 0.9820328 0.9807630 0.9864625 0.9917609 0.9959782 -0.9981670 0.9939642 0.9973559 0.9947411 
0.9966074 -0.9917680 -0.9949511 0.9859646 0.9646624 0.9704541 0.9697097 0.9662048 0.9742529 0.9900207 0.9946907 0.9937893 0.9934169 -0.9974093 -0.9996604 -0.9991530 0.9928572 0.9821919 0.9876147 
0.9984617 0.9935225 -0.9877315 0.9841619 0.9747236 0.9964361 0.9841254 0.9876490 0.9884302 -0.9972499 0.9890021 -0.9980384 -0.9983689 -0.9991146 -0.9998379 -0.9991210 0.9836009 0.9792325 0.9828551 
0.9928536 0.9873284 0.9941286 0.9701315 0.9553090 0.9921540 0.9948909 -0.9988718 -0.9994838 -0.9996825 -0.9994985 -0.9995971 -0.9993426 -0.9992866 -0.9994816 -0.9993226 0.9973701 0.9725285 0.9920732 
0.9861748 0.9823976 0.9891528 0.9870124 0.9805580 -0.9964474 -0.9987698 -0.9997545 -0.9992988 -0.9986989 -0.9986348 -0.9980822 -0.9996533 -0.9989515 -0.9998305 -0.9998262 -0.9980659 0.9927005 0.9913350
2025-02-17 09:41:04+0800: Controller: kgs-rules chinese
2025-02-17 09:41:04+0800: Changed rules to Chinese-OGS
2025-02-17 09:41:04+0800: = 
2025-02-17 09:41:04+0800: Controller: komi 7.5
2025-02-17 09:41:04+0800: = 
2025-02-17 09:41:04+0800: Controller: clear_board
2025-02-17 09:41:04+0800: = 
2025-02-17 09:41:04+0800: Controller: boardsize 19
2025-02-17 09:41:04+0800: = 
2025-02-17 09:41:04+0800: Controller: play B Q16
2025-02-17 09:41:04+0800: = 
2025-02-17 09:41:04+0800: Controller: play W D4
2025-02-17 09:41:04+0800: = 
2025-02-17 09:41:04+0800: Controller: play B Q4
2025-02-17 09:41:04+0800: = 
2025-02-17 09:41:04+0800: Controller: play W C17
2025-02-17 09:41:04+0800: = 
2025-02-17 09:41:04+0800: Controller: play B D16
2025-02-17 09:41:04+0800: = 
2025-02-17 09:41:04+0800: Controller: play W D17
2025-02-17 09:41:04+0800: = 
2025-02-17 09:41:04+0800: Controller: play B E16
2025-02-17 09:41:04+0800: = 
2025-02-17 09:41:04+0800: Controller: play W B15
2025-02-17 09:41:04+0800: = 
2025-02-17 09:41:04+0800: Controller: play B E17
2025-02-17 09:41:04+0800: = 
2025-02-17 09:41:04+0800: Controller: play W D14
2025-02-17 09:41:04+0800: = 
2025-02-17 09:41:04+0800: Controller: play B J16
2025-02-17 09:41:04+0800: = 
2025-02-17 09:41:04+0800: Controller: play W R14
2025-02-17 09:41:04+0800: = 
2025-02-17 09:41:04+0800: Controller: play B R15
2025-02-17 09:41:04+0800: = 
2025-02-17 09:41:04+0800: Controller: play W Q14
2025-02-17 09:41:04+0800: = 
2025-02-17 09:41:04+0800: Controller: play B O16
2025-02-17 09:41:04+0800: = 
2025-02-17 09:41:04+0800: Controller: play W Q10
2025-02-17 09:41:04+0800: = 
2025-02-17 09:41:04+0800: Controller: play B C6
2025-02-17 09:41:04+0800: = 
2025-02-17 09:41:04+0800: Controller: play W F3
2025-02-17 09:41:04+0800: = 
2025-02-17 09:41:04+0800: Controller: play B B4
2025-02-17 09:41:04+0800: = 
2025-02-17 09:41:04+0800: Controller: play W R6
2025-02-17 09:41:04+0800: = 
2025-02-17 09:41:04+0800: Controller: play B Q6
2025-02-17 09:41:04+0800: = 
2025-02-17 09:41:04+0800: Controller: play W R5
2025-02-17 09:41:04+0800: = 
2025-02-17 09:41:04+0800: Controller: play B Q5
2025-02-17 09:41:04+0800: = 
2025-02-17 09:41:04+0800: Controller: play W R4
2025-02-17 09:41:04+0800: = 
2025-02-17 09:41:04+0800: Controller: play B Q3
2025-02-17 09:41:04+0800: = 
2025-02-17 09:41:04+0800: Controller: play W R3
2025-02-17 09:41:04+0800: = 
2025-02-17 09:41:04+0800: Controller: play B R7
2025-02-17 09:41:04+0800: = 
2025-02-17 09:41:04+0800: Controller: play W R8
2025-02-17 09:41:04+0800: = 
2025-02-17 09:41:04+0800: Controller: play B S7
2025-02-17 09:41:04+0800: = 
2025-02-17 09:41:04+0800: Controller: play W Q7
2025-02-17 09:41:04+0800: = 
2025-02-17 09:41:04+0800: Controller: play B Q8
2025-02-17 09:41:04+0800: = 
2025-02-17 09:41:04+0800: Controller: play W P7
2025-02-17 09:41:04+0800: = 
2025-02-17 09:41:04+0800: Controller: play B R9
2025-02-17 09:41:04+0800: = 
2025-02-17 09:41:04+0800: Controller: play W S6
2025-02-17 09:41:04+0800: = 
2025-02-17 09:41:04+0800: Controller: play B S8
2025-02-17 09:41:04+0800: = 
2025-02-17 09:41:04+0800: Controller: play W O5
2025-02-17 09:41:04+0800: = 
2025-02-17 09:41:04+0800: Controller: play B Q2
2025-02-17 09:41:04+0800: = 
2025-02-17 09:41:04+0800: Controller: play W R2
2025-02-17 09:41:04+0800: = 
2025-02-17 09:41:05+0800: Controller: play B N3
2025-02-17 09:41:05+0800: = 
2025-02-17 09:41:05+0800: Controller: play W M4
2025-02-17 09:41:05+0800: = 
2025-02-17 09:41:05+0800: Controller: play B M3
2025-02-17 09:41:05+0800: = 
2025-02-17 09:41:05+0800: Controller: play W L4
2025-02-17 09:41:05+0800: = 
2025-02-17 09:41:05+0800: Controller: play B K2
2025-02-17 09:41:05+0800: = 
2025-02-17 09:41:05+0800: Controller: play W J3
2025-02-17 09:41:05+0800: = 
2025-02-17 09:41:05+0800: Controller: play B J2
2025-02-17 09:41:05+0800: = 
2025-02-17 09:41:05+0800: Controller: play W H3
2025-02-17 09:41:05+0800: = 
2025-02-17 09:41:05+0800: Controller: play B P9
2025-02-17 09:41:05+0800: = 
2025-02-17 09:41:05+0800: Controller: play W O3
2025-02-17 09:41:05+0800: = 
2025-02-17 09:41:05+0800: Controller: play B O2
2025-02-17 09:41:05+0800: = 
2025-02-17 09:41:05+0800: Controller: play W N4
2025-02-17 09:41:05+0800: = 
2025-02-17 09:41:05+0800: Controller: play B P3
2025-02-17 09:41:05+0800: = 
2025-02-17 09:41:05+0800: Controller: play W S10
2025-02-17 09:41:05+0800: = 
2025-02-17 09:41:05+0800: Controller: play B R10
2025-02-17 09:41:05+0800: = 
2025-02-17 09:41:05+0800: Controller: play W R11
2025-02-17 09:41:05+0800: = 
2025-02-17 09:41:05+0800: Controller: play B Q11
2025-02-17 09:41:05+0800: = 
2025-02-17 09:41:05+0800: Controller: play W R12
2025-02-17 09:41:05+0800: = 
2025-02-17 09:41:05+0800: Controller: play B P10
2025-02-17 09:41:05+0800: = 
2025-02-17 09:41:05+0800: Controller: play W Q12
2025-02-17 09:41:05+0800: = 
2025-02-17 09:41:05+0800: Controller: play B P11
2025-02-17 09:41:05+0800: = 
2025-02-17 09:41:05+0800: Controller: play W M7
2025-02-17 09:41:05+0800: = 
2025-02-17 09:41:05+0800: Controller: play B D9
2025-02-17 09:41:05+0800: = 
2025-02-17 09:41:05+0800: Controller: play W C11
2025-02-17 09:41:05+0800: = 
2025-02-17 09:41:05+0800: Controller: play B C10
2025-02-17 09:41:05+0800: = 
2025-02-17 09:41:05+0800: Controller: play W B11
2025-02-17 09:41:05+0800: = 
2025-02-17 09:41:05+0800: Controller: play B C3
2025-02-17 09:41:05+0800: = 
2025-02-17 09:41:05+0800: Controller: play W D3
2025-02-17 09:41:05+0800: = 
2025-02-17 09:41:05+0800: Controller: play B D11
2025-02-17 09:41:05+0800: = 
2025-02-17 09:41:05+0800: Controller: play W C8
2025-02-17 09:41:05+0800: = 
2025-02-17 09:41:05+0800: Controller: play B D8
2025-02-17 09:41:05+0800: = 
2025-02-17 09:41:05+0800: Controller: play W B10
2025-02-17 09:41:05+0800: = 
2025-02-17 09:41:05+0800: Controller: play B C9
2025-02-17 09:41:05+0800: = 
2025-02-17 09:41:05+0800: Controller: play W B8
2025-02-17 09:41:05+0800: = 
2025-02-17 09:41:05+0800: Controller: play B B9
2025-02-17 09:41:05+0800: = 
2025-02-17 09:41:05+0800: Controller: play W A9
2025-02-17 09:41:05+0800: = 
2025-02-17 09:41:05+0800: Controller: play B D13
2025-02-17 09:41:05+0800: = 
2025-02-17 09:41:05+0800: Controller: play W C13
2025-02-17 09:41:05+0800: = 
2025-02-17 09:41:05+0800: Controller: play B C12
2025-02-17 09:41:05+0800: = 
2025-02-17 09:41:05+0800: Controller: play W B12
2025-02-17 09:41:05+0800: = 
2025-02-17 09:41:05+0800: Controller: play B D12
2025-02-17 09:41:05+0800: = 
2025-02-17 09:41:05+0800: Controller: play W E10
2025-02-17 09:41:05+0800: = 
2025-02-17 09:41:05+0800: Controller: play B B7
2025-02-17 09:41:05+0800: = 
2025-02-17 09:41:05+0800: Controller: play W B13
2025-02-17 09:41:05+0800: = 
2025-02-17 09:41:05+0800: Controller: play B A10
2025-02-17 09:41:05+0800: = 
2025-02-17 09:41:05+0800: Controller: play W A11
2025-02-17 09:41:05+0800: = 
2025-02-17 09:41:05+0800: Controller: play B E14
2025-02-17 09:41:05+0800: = 
2025-02-17 09:41:05+0800: Controller: play W D10
2025-02-17 09:41:05+0800: = 
2025-02-17 09:41:05+0800: Controller: play B C7
2025-02-17 09:41:05+0800: = 
2025-02-17 09:41:05+0800: Controller: play W A8
2025-02-17 09:41:05+0800: = 
2025-02-17 09:41:05+0800: Controller: play B A7
2025-02-17 09:41:05+0800: = 
2025-02-17 09:41:05+0800: Controller: play W A10
2025-02-17 09:41:05+0800: = 
2025-02-17 09:41:05+0800: Controller: play B C14
2025-02-17 09:41:05+0800: = 
2025-02-17 09:41:05+0800: Controller: play W B14
2025-02-17 09:41:05+0800: = 
2025-02-17 09:41:05+0800: Controller: play B F5
2025-02-17 09:41:05+0800: = 
2025-02-17 09:41:05+0800: Controller: play W E6
2025-02-17 09:41:05+0800: = 
2025-02-17 09:41:05+0800: Controller: play B E5
2025-02-17 09:41:05+0800: = 
2025-02-17 09:41:05+0800: Controller: play W D5
2025-02-17 09:41:05+0800: = 
2025-02-17 09:41:05+0800: Controller: play B E7
2025-02-17 09:41:05+0800: = 
2025-02-17 09:41:05+0800: Controller: play W D6
2025-02-17 09:41:05+0800: = 
2025-02-17 09:41:05+0800: Controller: play B D7
2025-02-17 09:41:05+0800: = 
2025-02-17 09:41:05+0800: Controller: play W F7
2025-02-17 09:41:05+0800: = 
2025-02-17 09:41:05+0800: Controller: play B F8
2025-02-17 09:41:05+0800: = 
2025-02-17 09:41:05+0800: Controller: play W G7
2025-02-17 09:41:05+0800: = 
2025-02-17 09:41:05+0800: Controller: play B G8
2025-02-17 09:41:05+0800: = 
2025-02-17 09:41:05+0800: Controller: play W H7
2025-02-17 09:41:05+0800: = 
2025-02-17 09:41:05+0800: Controller: play B H8
2025-02-17 09:41:05+0800: = 
2025-02-17 09:41:05+0800: Controller: play W J8
2025-02-17 09:41:05+0800: = 
2025-02-17 09:41:05+0800: Controller: play B J9
2025-02-17 09:41:05+0800: = 
2025-02-17 09:41:05+0800: Controller: play W K8
2025-02-17 09:41:05+0800: = 
2025-02-17 09:41:05+0800: Controller: play B K9
2025-02-17 09:41:05+0800: = 
2025-02-17 09:41:05+0800: Controller: play W L16
2025-02-17 09:41:05+0800: = 
2025-02-17 09:41:05+0800: Controller: play B M17
2025-02-17 09:41:05+0800: = 
2025-02-17 09:41:05+0800: Controller: play W L17
2025-02-17 09:41:05+0800: = 
2025-02-17 09:41:05+0800: Controller: play B M18
2025-02-17 09:41:05+0800: = 
2025-02-17 09:41:05+0800: Controller: play W J17
2025-02-17 09:41:05+0800: = 
2025-02-17 09:41:05+0800: Controller: play B H16
2025-02-17 09:41:05+0800: = 
2025-02-17 09:41:05+0800: Controller: play W H17
2025-02-17 09:41:05+0800: = 
2025-02-17 09:41:05+0800: Controller: play B O14
2025-02-17 09:41:05+0800: = 
2025-02-17 09:41:05+0800: Controller: play W G16
2025-02-17 09:41:05+0800: = 
2025-02-17 09:41:05+0800: Controller: play B G15
2025-02-17 09:41:05+0800: = 
2025-02-17 09:41:05+0800: Controller: play W G17
2025-02-17 09:41:05+0800: = 
2025-02-17 09:41:05+0800: Controller: play B L18
2025-02-17 09:41:05+0800: = 
2025-02-17 09:41:05+0800: Controller: play W K18
2025-02-17 09:41:05+0800: = 
2025-02-17 09:41:05+0800: Controller: play B K16
2025-02-17 09:41:05+0800: = 
2025-02-17 09:41:06+0800: Controller: play W K17
2025-02-17 09:41:06+0800: = 
2025-02-17 09:41:06+0800: Controller: play B H15
2025-02-17 09:41:06+0800: = 
2025-02-17 09:41:06+0800: Controller: play W L14
2025-02-17 09:41:06+0800: = 
2025-02-17 09:41:06+0800: Controller: play B M15
2025-02-17 09:41:06+0800: = 
2025-02-17 09:41:06+0800: Controller: play W K15
2025-02-17 09:41:06+0800: = 
2025-02-17 09:41:06+0800: Controller: play B L15
2025-02-17 09:41:06+0800: = 
2025-02-17 09:41:06+0800: Controller: play W M16
2025-02-17 09:41:06+0800: = 
2025-02-17 09:41:06+0800: Controller: play B N16
2025-02-17 09:41:06+0800: = 
2025-02-17 09:41:06+0800: Controller: play W N17
2025-02-17 09:41:06+0800: = 
2025-02-17 09:41:06+0800: Controller: play B O17
2025-02-17 09:41:06+0800: = 
2025-02-17 09:41:06+0800: Controller: play W F18
2025-02-17 09:41:06+0800: = 
2025-02-17 09:41:06+0800: Controller: play B E18
2025-02-17 09:41:06+0800: = 
2025-02-17 09:41:06+0800: Controller: play W H18
2025-02-17 09:41:06+0800: = 
2025-02-17 09:41:06+0800: Controller: play B N8
2025-02-17 09:41:06+0800: = 
2025-02-17 09:41:06+0800: Controller: play W F15
2025-02-17 09:41:06+0800: = 
2025-02-17 09:41:06+0800: Controller: play B F14
2025-02-17 09:41:06+0800: = 
2025-02-17 09:41:06+0800: Controller: play W F16
2025-02-17 09:41:06+0800: = 
2025-02-17 09:41:06+0800: Controller: play B G13
2025-02-17 09:41:06+0800: = 
2025-02-17 09:41:06+0800: Controller: play W C15
2025-02-17 09:41:06+0800: = 
2025-02-17 09:41:06+0800: Controller: play B E15
2025-02-17 09:41:06+0800: = 
2025-02-17 09:41:06+0800: Controller: play W O13
2025-02-17 09:41:06+0800: = 
2025-02-17 09:41:06+0800: Controller: play B N13
2025-02-17 09:41:06+0800: = 
2025-02-17 09:41:06+0800: Controller: play W N14
2025-02-17 09:41:06+0800: = 
2025-02-17 09:41:06+0800: Controller: play B N15
2025-02-17 09:41:06+0800: = 
2025-02-17 09:41:06+0800: Controller: play W P14
2025-02-17 09:41:06+0800: = 
2025-02-17 09:41:06+0800: Controller: play B O12
2025-02-17 09:41:06+0800: = 
2025-02-17 09:41:06+0800: Controller: play W O15
2025-02-17 09:41:06+0800: = 
2025-02-17 09:41:06+0800: Controller: play B M14
2025-02-17 09:41:06+0800: = 
2025-02-17 09:41:06+0800: Controller: play W O14
2025-02-17 09:41:06+0800: = 
2025-02-17 09:41:06+0800: Controller: play B M8
2025-02-17 09:41:06+0800: = 
2025-02-17 09:41:06+0800: Controller: play W R17
2025-02-17 09:41:06+0800: = 
2025-02-17 09:41:06+0800: Controller: play B R16
2025-02-17 09:41:06+0800: = 
2025-02-17 09:41:06+0800: Controller: play W S16
2025-02-17 09:41:06+0800: = 
2025-02-17 09:41:06+0800: Controller: play B S15
2025-02-17 09:41:06+0800: = 
2025-02-17 09:41:06+0800: Controller: play W S18
2025-02-17 09:41:06+0800: = 
2025-02-17 09:41:06+0800: Controller: play B T16
2025-02-17 09:41:06+0800: = 
2025-02-17 09:41:06+0800: Controller: play W T17
2025-02-17 09:41:06+0800: = 
2025-02-17 09:41:06+0800: Controller: play B S17
2025-02-17 09:41:06+0800: = 
2025-02-17 09:41:06+0800: Controller: play W M13
2025-02-17 09:41:06+0800: = 
2025-02-17 09:41:06+0800: Controller: play B N12
2025-02-17 09:41:06+0800: = 
2025-02-17 09:41:06+0800: Controller: play W S16
2025-02-17 09:41:06+0800: = 
2025-02-17 09:41:06+0800: Controller: play B T15
2025-02-17 09:41:06+0800: = 
2025-02-17 09:41:06+0800: Controller: play W P18
2025-02-17 09:41:06+0800: = 
2025-02-17 09:41:06+0800: Controller: play B S17
2025-02-17 09:41:06+0800: = 
2025-02-17 09:41:06+0800: Controller: play W P16
2025-02-17 09:41:06+0800: = 
2025-02-17 09:41:06+0800: Controller: play B P17
2025-02-17 09:41:06+0800: = 
2025-02-17 09:41:06+0800: Controller: play W Q17
2025-02-17 09:41:06+0800: = 
2025-02-17 09:41:06+0800: Controller: play B O18
2025-02-17 09:41:06+0800: = 
2025-02-17 09:41:06+0800: Controller: play W P15
2025-02-17 09:41:06+0800: = 
2025-02-17 09:41:06+0800: Controller: play B Q18
2025-02-17 09:41:06+0800: = 
2025-02-17 09:41:06+0800: Controller: play W R18
2025-02-17 09:41:06+0800: = 
2025-02-17 09:41:06+0800: Controller: play B P19
2025-02-17 09:41:06+0800: = 
2025-02-17 09:41:06+0800: Controller: play W S16
2025-02-17 09:41:06+0800: = 
2025-02-17 09:41:06+0800: Controller: play B R19
2025-02-17 09:41:06+0800: = 
2025-02-17 09:41:06+0800: Controller: play W S19
2025-02-17 09:41:06+0800: = 
2025-02-17 09:41:06+0800: Controller: play B Q19
2025-02-17 09:41:06+0800: = 
2025-02-17 09:41:06+0800: Controller: play W S14
2025-02-17 09:41:06+0800: = 
2025-02-17 09:41:06+0800: Controller: play B S17
2025-02-17 09:41:06+0800: = 
2025-02-17 09:41:06+0800: Controller: play W H14
2025-02-17 09:41:06+0800: = 
2025-02-17 09:41:06+0800: Controller: play B G14
2025-02-17 09:41:06+0800: = 
2025-02-17 09:41:06+0800: Controller: play W S16
2025-02-17 09:41:06+0800: = 
2025-02-17 09:41:06+0800: Controller: play B T18
2025-02-17 09:41:06+0800: = 
2025-02-17 09:41:06+0800: Controller: play W T19
2025-02-17 09:41:06+0800: = 
2025-02-17 09:41:06+0800: Controller: play B S17
2025-02-17 09:41:06+0800: = 
2025-02-17 09:41:06+0800: Controller: play W E13
2025-02-17 09:41:06+0800: = 
2025-02-17 09:41:06+0800: Controller: play B E12
2025-02-17 09:41:06+0800: = 
2025-02-17 09:41:06+0800: Controller: play W S16
2025-02-17 09:41:06+0800: = 
2025-02-17 09:41:06+0800: Controller: play B K3
2025-02-17 09:41:06+0800: = 
2025-02-17 09:41:06+0800: Controller: play W K4
2025-02-17 09:41:06+0800: = 
2025-02-17 09:41:06+0800: Controller: play B S17
2025-02-17 09:41:06+0800: = 
2025-02-17 09:41:06+0800: Controller: play W F12
2025-02-17 09:41:06+0800: = 
2025-02-17 09:41:06+0800: Controller: play B F13
2025-02-17 09:41:06+0800: = 
2025-02-17 09:41:06+0800: Controller: play W S16
2025-02-17 09:41:06+0800: = 
2025-02-17 09:41:06+0800: Controller: play B E13
2025-02-17 09:41:06+0800: = 
2025-02-17 09:41:06+0800: Controller: play W T14
2025-02-17 09:41:06+0800: = 
2025-02-17 09:41:06+0800: Controller: play B S17
2025-02-17 09:41:06+0800: = 
2025-02-17 09:41:06+0800: Controller: play W L8
2025-02-17 09:41:06+0800: = 
2025-02-17 09:41:06+0800: Controller: play B L9
2025-02-17 09:41:06+0800: = 
2025-02-17 09:41:06+0800: Controller: play W S16
2025-02-17 09:41:06+0800: = 
2025-02-17 09:41:06+0800: Controller: play B J7
2025-02-17 09:41:06+0800: = 
2025-02-17 09:41:06+0800: Controller: play W J6
2025-02-17 09:41:06+0800: = 
2025-02-17 09:41:07+0800: Controller: play B S17
2025-02-17 09:41:07+0800: = 
2025-02-17 09:41:07+0800: Controller: play W L3
2025-02-17 09:41:07+0800: = 
2025-02-17 09:41:07+0800: Controller: play B L2
2025-02-17 09:41:07+0800: = 
2025-02-17 09:41:07+0800: Controller: play W S16
2025-02-17 09:41:07+0800: = 
2025-02-17 09:41:07+0800: Controller: play B L7
2025-02-17 09:41:07+0800: = 
2025-02-17 09:41:07+0800: Controller: play W K7
2025-02-17 09:41:07+0800: = 
2025-02-17 09:41:07+0800: Controller: play B S17
2025-02-17 09:41:07+0800: = 
2025-02-17 09:41:07+0800: Controller: play W C5
2025-02-17 09:41:07+0800: = 
2025-02-17 09:41:07+0800: Controller: play B B5
2025-02-17 09:41:07+0800: = 
2025-02-17 09:41:07+0800: Controller: play W S16
2025-02-17 09:41:07+0800: = 
2025-02-17 09:41:07+0800: Controller: play B K6
2025-02-17 09:41:07+0800: = 
2025-02-17 09:41:07+0800: Controller: play W L6
2025-02-17 09:41:07+0800: = 
2025-02-17 09:41:07+0800: Controller: play B S17
2025-02-17 09:41:07+0800: = 
2025-02-17 09:41:07+0800: Controller: play W N2
2025-02-17 09:41:07+0800: = 
2025-02-17 09:41:07+0800: Controller: play B M2
2025-02-17 09:41:07+0800: = 
2025-02-17 09:41:07+0800: Controller: play W S16
2025-02-17 09:41:07+0800: = 
2025-02-17 09:41:07+0800: Controller: play B G19
2025-02-17 09:41:07+0800: = 
2025-02-17 09:41:07+0800: Controller: play W F19
2025-02-17 09:41:07+0800: = 
2025-02-17 09:41:07+0800: Controller: play B S17
2025-02-17 09:41:07+0800: = 
2025-02-17 09:41:07+0800: Controller: play W P2
2025-02-17 09:41:07+0800: = 
2025-02-17 09:41:07+0800: Controller: play B P1
2025-02-17 09:41:07+0800: = 
2025-02-17 09:41:07+0800: Controller: play W S16
2025-02-17 09:41:07+0800: = 
2025-02-17 09:41:07+0800: Controller: play B J19
2025-02-17 09:41:07+0800: = 
2025-02-17 09:41:07+0800: Controller: play W K19
2025-02-17 09:41:07+0800: = 
2025-02-17 09:41:07+0800: Controller: play B S17
2025-02-17 09:41:07+0800: = 
2025-02-17 09:41:07+0800: Controller: play W O1
2025-02-17 09:41:07+0800: = 
2025-02-17 09:41:07+0800: Controller: play B O4
2025-02-17 09:41:07+0800: = 
2025-02-17 09:41:07+0800: Controller: play W S16
2025-02-17 09:41:07+0800: = 
2025-02-17 09:41:07+0800: Controller: play B R1
2025-02-17 09:41:07+0800: = 
2025-02-17 09:41:07+0800: Controller: play W S1
2025-02-17 09:41:07+0800: = 
2025-02-17 09:41:07+0800: Controller: play B S17
2025-02-17 09:41:07+0800: = 
2025-02-17 09:41:07+0800: Controller: play W Q1
2025-02-17 09:41:07+0800: = 
2025-02-17 09:41:07+0800: Controller: play B N1
2025-02-17 09:41:07+0800: = 
2025-02-17 09:41:07+0800: Controller: play W S16
2025-02-17 09:41:07+0800: = 
2025-02-17 09:41:07+0800: Controller: play B R1
2025-02-17 09:41:07+0800: = 
2025-02-17 09:41:07+0800: Controller: play W T2
2025-02-17 09:41:07+0800: = 
2025-02-17 09:41:07+0800: Controller: play B S17
2025-02-17 09:41:07+0800: = 
2025-02-17 09:41:07+0800: Controller: play W C2
2025-02-17 09:41:07+0800: = 
2025-02-17 09:41:07+0800: Controller: play B T18
2025-02-17 09:41:07+0800: = 
2025-02-17 09:41:07+0800: Controller: play W B3
2025-02-17 09:41:07+0800: = 
2025-02-17 09:41:07+0800: Controller: play B C4
2025-02-17 09:41:07+0800: = 
2025-02-17 09:41:07+0800: Controller: play W B2
2025-02-17 09:41:07+0800: = 
2025-02-17 09:41:07+0800: Controller: play B H19
2025-02-17 09:41:07+0800: = 
2025-02-17 09:41:07+0800: Controller: play W F17
2025-02-17 09:41:07+0800: = 
2025-02-17 09:41:07+0800: Controller: play B C16
2025-02-17 09:41:07+0800: = 
2025-02-17 09:41:07+0800: Controller: play W B16
2025-02-17 09:41:07+0800: = 
2025-02-17 09:41:07+0800: Controller: play B C18
2025-02-17 09:41:07+0800: = 
2025-02-17 09:41:07+0800: Controller: play W B18
2025-02-17 09:41:07+0800: = 
2025-02-17 09:41:07+0800: Controller: play B D18
2025-02-17 09:41:07+0800: = 
2025-02-17 09:41:07+0800: Controller: play W B17
2025-02-17 09:41:07+0800: = 
2025-02-17 09:41:07+0800: Controller: play B B19
2025-02-17 09:41:07+0800: = 
2025-02-17 09:41:07+0800: Controller: play W N7
2025-02-17 09:41:07+0800: = 
2025-02-17 09:41:07+0800: Controller: play B O8
2025-02-17 09:41:07+0800: = 
2025-02-17 09:41:07+0800: Controller: play W O7
2025-02-17 09:41:07+0800: = 
2025-02-17 09:41:07+0800: Controller: play B S9
2025-02-17 09:41:07+0800: = 
2025-02-17 09:41:07+0800: Controller: play W T11
2025-02-17 09:41:07+0800: = 
2025-02-17 09:41:07+0800: Controller: play B F1
2025-02-17 09:41:07+0800: = 
2025-02-17 09:41:07+0800: Controller: play W F2
2025-02-17 09:41:07+0800: = 
2025-02-17 09:41:07+0800: Controller: play B G1
2025-02-17 09:41:07+0800: = 
2025-02-17 09:41:07+0800: Controller: play W E1
2025-02-17 09:41:07+0800: = 
2025-02-17 09:41:07+0800: Controller: play B H2
2025-02-17 09:41:07+0800: = 
2025-02-17 09:41:07+0800: Controller: play W G2
2025-02-17 09:41:07+0800: = 
2025-02-17 09:41:07+0800: Controller: play B H1
2025-02-17 09:41:07+0800: = 
2025-02-17 09:41:07+0800: Controller: play W P5
2025-02-17 09:41:07+0800: = 
2025-02-17 09:41:07+0800: Controller: play B P6
2025-02-17 09:41:07+0800: = 
2025-02-17 09:41:07+0800: Controller: play W O6
2025-02-17 09:41:07+0800: = 
2025-02-17 09:41:07+0800: Controller: play B P4
2025-02-17 09:41:07+0800: = 
2025-02-17 09:41:07+0800: Controller: play W M19
2025-02-17 09:41:07+0800: = 
2025-02-17 09:41:08+0800: Controller: play B N18
2025-02-17 09:41:08+0800: = 
2025-02-17 09:41:08+0800: Controller: play W L19
2025-02-17 09:41:08+0800: = 
2025-02-17 09:41:08+0800: Controller: play B T9
2025-02-17 09:41:08+0800: = 
2025-02-17 09:41:08+0800: Controller: play W S11
2025-02-17 09:41:08+0800: = 
2025-02-17 09:41:08+0800: Controller: play B T6
2025-02-17 09:41:08+0800: = 
2025-02-17 09:41:08+0800: Controller: play W T5
2025-02-17 09:41:08+0800: = 
2025-02-17 09:41:08+0800: Controller: play B T7
2025-02-17 09:41:08+0800: = 
2025-02-17 09:41:08+0800: Controller: play W C19
2025-02-17 09:41:08+0800: = 
2025-02-17 09:41:08+0800: Controller: play B D19
2025-02-17 09:41:08+0800: = 
2025-02-17 09:41:08+0800: Controller: play W A4
2025-02-17 09:41:08+0800: = 
2025-02-17 09:41:08+0800: Controller: play B A5
2025-02-17 09:41:08+0800: = 
2025-02-17 09:41:08+0800: Controller: play W A3
2025-02-17 09:41:08+0800: = 
2025-02-17 09:41:08+0800: Controller: play B P12
2025-02-17 09:41:08+0800: = 
2025-02-17 09:41:08+0800: Controller: play W P13
2025-02-17 09:41:08+0800: = 
2025-02-17 09:41:08+0800: Controller: play B T4
2025-02-17 09:41:08+0800: = 
2025-02-17 09:41:08+0800: Controller: play W S5
2025-02-17 09:41:08+0800: = 
2025-02-17 09:41:08+0800: Controller: play B Q1
2025-02-17 09:41:08+0800: = 
2025-02-17 09:41:08+0800: Controller: play W A18
2025-02-17 09:41:08+0800: = 
2025-02-17 09:41:08+0800: Controller: play B N19
2025-02-17 09:41:08+0800: = 
2025-02-17 09:41:08+0800: Controller: play W A19
2025-02-17 09:41:08+0800: = 
2025-02-17 09:41:08+0800: Controller: play B C19
2025-02-17 09:41:08+0800: = 
2025-02-17 09:41:08+0800: Controller: final_score
2025-02-17 09:41:14+0800: = B+30.5
2025-02-17 09:41:28+0800: Controller: play B E19
2025-02-17 09:41:28+0800: = 
2025-02-17 09:41:28+0800: Controller: genmove white
2025-02-17 09:41:34+0800: MoveNum: 1 HASH: 39A7D7B334F997B6ADE6CB8522CAE4E5
   A B C D E F G H J K L M N O P Q R S T
19 O X X X X1O X X X O O O X . X X X . .
18 O O X X X O . O . O X X X X . X . . X
17 . O O O X O O O O O O X . X X . . X .
16 . O X X X O O X X X O O X X O X X . X
15 . O O @ X O X X . O X X X O O . X X X
14 . O . O X X X O . . O X O O O O O O O
13 . O O X X X X . . . . O X O O . . . .
12 . O X X X O . . . . . . X X X O O . .
11 O O O X . . . . . . . . . . X X O O O
10 O O X O O . . . . . . . . . X O X O .
 9 O X X X . . . . X X X . . . X . X X X
 8 O O O X . X X X O O O X X X . X . X .
 7 X X X X X O O O . O . O O O O O X X X
 6 . . X O O . . . O X O . . O X X O O X
 5 X X O O X X . . . . . . . O O X O O O
 4 O X X O . . . . . O O O O X X X O . X
 3 O O X O . O . O O X O X X . X X O . .
 2 . O O . . O O X X X X X . X . X O . O
 1 . . . . O X X X . . . . X . X X X O .

koPOSITIONALscoreAREAtaxNONEsui0whbNfpok1komi7.5
Time taken: 5.813
Root visits: 504
New playouts: 504
NN rows: 423
NN batches: 353
NN avg batch size: 1.1983
PV: D15 P8 T10 Q15 T3 K14 S4
Tree:
: T -109.46c W -99.25c S  -9.96c (-30.7 L -29.2) N     504  --  D15 P8 T10 Q15 T3 K14 S4
---White(^)---
D15 : T -109.75c W -99.88c S  -9.83c (-30.2 L -28.5) LCB -110.64c P 21.03% WF 102.7 PSV     234 N     103  --  D15 P8 T10 Q15 T3 K14 S4
H13 : T -107.83c W -98.27c S  -8.97c (-30.2 L -28.9) LCB -116.57c P  3.01% WF 108.1 PSV     107 N     107  --  H13 G12 D15 P8 T10 Q15
P8  : T -110.15c W -99.74c S -10.45c (-30.8 L -29.2) LCB -111.13c P 11.65% WF  54.7 PSV      51 N      55  --  P8 D15 C14 Q15 T10 K14 pass F10
G12 : T -108.09c W -98.25c S  -9.48c (-30.7 L -29.4) LCB -117.29c P  1.91% WF  65.5 PSV      37 N      65  --  G12 H13 D15 Q15 P8 T10
Q15 : T -109.98c W -99.83c S -10.45c (-30.8 L -29.1) LCB -111.21c P  5.65% WF  28.9 PSV      26 N      29  --  Q15 D15 C14 P8 T10 E9 G5
T10 : T -110.32c W -99.74c S -10.69c (-31.0 L -29.4) LCB -111.91c P  5.29% WF  24.9 PSV      21 N      25  --  T10 D15 C14 Q15 P8 K14 pass F10
B6  : T -109.71c W -99.76c S  -9.71c (-30.2 L -28.6) LCB -112.79c P  3.52% WF  18.0 PSV      16 N      18  --  B6 A6 D15 P8 T10 Q15
E9  : T -110.15c W -99.88c S -10.24c (-30.6 L -29.1) LCB -114.45c P  2.56% WF  12.0 PSV      11 N      12  --  E9 E8 D15 P8 Q15 T10 pass
A6  : T -109.49c W -99.75c S  -9.40c (-30.0 L -28.3) LCB -117.19c P  2.00% WF  10.0 PSV       9 N      10  --  A6 B6 P8 D15 C14 Q15
K14 : T -111.69c W -99.61c S -11.90c (-32.4 L -31.1) LCB -119.22c P  3.27% WF   9.9 PSV       8 N      10  --  K14 D15 C14 H13

2025-02-17 09:41:34+0800: = D15
2025-02-17 09:41:37+0800: Controller: play B P8
2025-02-17 09:41:37+0800: = 
2025-02-17 09:41:37+0800: Controller: genmove white
2025-02-17 09:41:42+0800: MoveNum: 3 HASH: C5FC633FEA841AE97A6564B09191FE15
   A B C D E F G H J K L M N O P Q R S T
19 O X X X X1O X X X O O O X . X X X . .
18 O O X X X O . O . O X X X X . X . . X
17 . O O O X O O O O O O X . X X . . X .
16 . O X X X O O X X X O O X X O X X . X
15 . O O O2X O X X . O X X X O O @ X X X
14 . O . O X X X O . . O X O O O O O O O
13 . O O X X X X . . . . O X O O . . . .
12 . O X X X O . . . . . . X X X O O . .
11 O O O X . . . . . . . . . . X X O O O
10 O O X O O . . . . . . . . . X O X O .
 9 O X X X . . . . X X X . . . X . X X X
 8 O O O X . X X X O O O X X X X3X . X .
 7 X X X X X O O O . O . O O O O O X X X
 6 . . X O O . . . O X O . . O X X O O X
 5 X X O O X X . . . . . . . O O X O O O
 4 O X X O . . . . . O O O O X X X O . X
 3 O O X O . O . O O X O X X . X X O . .
 2 . O O . . O O X X X X X . X . X O . O
 1 . . . . O X X X . . . . X . X X X O .

koPOSITIONALscoreAREAtaxNONEsui0whbNfpok1komi7.5
Time taken: 4.985
Root visits: 505
New playouts: 470
NN rows: 365
NN batches: 305
NN avg batch size: 1.19672
PV: T10 Q15 S3 K14 pass F10
Tree:
: T -111.04c W -99.82c S -11.13c (-30.5 L -28.9) N     505  --  T10 Q15 S3 K14 pass F10
---White(^)---
T10 : T -110.58c W -99.89c S -10.68c (-30.0 L -28.3) LCB -111.49c P 11.89% WF 105.3 PSV     113 N     105  --  T10 Q15 S3 K14 pass F10
Q15 : T -110.67c W -99.94c S -10.63c (-30.0 L -28.2) LCB -111.52c P 11.59% WF 107.0 PSV     107 N     107  --  Q15 T10 E2 E9 T3 F10
H13 : T -111.41c W -99.72c S -11.49c (-30.9 L -29.5) LCB -113.21c P  4.91% WF  24.9 PSV      23 N      25  --  H13 G12 T10 Q15 pass K14 G5
B6  : T -110.51c W -99.83c S -10.46c (-29.9 L -28.2) LCB -112.96c P  3.20% WF  24.0 PSV      23 N      24  --  B6 A6 T10 Q15 E2 L13 T3
G12 : T -111.24c W -99.62c S -11.53c (-31.1 L -29.7) LCB -113.45c P  3.70% WF  22.0 PSV      20 N      22  --  G12 H13 T10 Q15 pass F10 G5
K14 : T -111.23c W -99.59c S -11.63c (-31.2 L -30.0) LCB -114.28c P  3.66% WF  19.0 PSV      17 N      19  --  K14 H13 Q15 T10 T3
J14 : T -111.23c W -99.71c S -11.67c (-31.3 L -30.0) LCB -114.22c P  2.84% WF  18.0 PSV      15 N      18  --  J14 H13 Q15 T10
K13 : T -111.13c W -99.78c S -11.22c (-30.7 L -29.2) LCB -113.71c P  2.54% WF  18.0 PSV      15 N      18  --  K13 J14 Q15 T10 pass
F11 : T -111.54c W -99.53c S -11.78c (-31.4 L -30.2) LCB -114.55c P  3.31% WF  17.9 PSV      14 N      18  --  F11 G10 H12 H13
E9  : T -111.19c W -99.83c S -10.71c (-30.1 L -28.3) LCB -114.41c P  2.37% WF  16.0 PSV      12 N      16  --  E9 E8 T10 Q15 pass K14 G5

2025-02-17 09:41:42+0800: = Q15
2025-02-17 09:41:49+0800: Controller: play B T10
2025-02-17 09:41:49+0800: = 
2025-02-17 09:41:49+0800: Controller: genmove white
2025-02-17 09:41:54+0800: MoveNum: 5 HASH: FDD23CA096AD62D468EEA6FD24BA3650
   A B C D E F G H J K L M N O P Q R S T
19 O X X X X O X X X O O O X . X X X . .
18 O O X X X O . O . O X X X X . X . . X
17 . O O O X O O O O O O X . X X . . X .
16 . O X X X O O X X X O O X X O X X . X
15 . O O O X O X X . O X X X O O O2X X X
14 . O . O X X X O . . O X O O O O O O O
13 . O O X X X X . . . . O X O O . . . .
12 . O X X X O . . . . . . X X X O O . .
11 O O O X . . . . . . . . . . X X O O O
10 O O X O O . . . . . . . . . X O X O X3
 9 O X X X . . . . X X X . . . X . X X X
 8 O O O X . X X X O O O X X X X1X . X .
 7 X X X X X O O O . O . O O O O O X X X
 6 . . X O O . . . O X O . . O X X O O X
 5 X X O O X X . . . . . . . O O X O O O
 4 O X X O . . . . . O O O O X X X O @ X
 3 O O X O . O . O O X O X X . X X O . .
 2 . O O . . O O X X X X X . X . X O . O
 1 . . . . O X X X . . . . X . X X X O .

koPOSITIONALscoreAREAtaxNONEsui0whbNfpok1komi7.5
Time taken: 5.016
Root visits: 505
New playouts: 442
NN rows: 370
NN batches: 309
NN avg batch size: 1.19741
PV: H13 G12 S2 F11 pass K14
Tree:
: T -111.22c W -99.85c S -11.20c (-30.8 L -29.0) N     505  --  H13 G12 S2 F11 pass K14
---White(^)---
H13 : T -109.97c W -99.41c S -10.78c (-30.6 L -29.1) LCB -112.48c P  3.05% WF  56.4 PSV      56 N      56  --  H13 G12 S2 F11 pass K14
pss : T -111.32c W -99.92c S -11.08c (-30.7 L -28.7) LCB -112.61c P  4.75% WF  38.0 PSV      24 N      38  --  pass K14 G5 L13 F6 M12
F6  : T -111.36c W -99.93c S -11.34c (-30.9 L -29.0) LCB -112.93c P  4.22% WF  30.0 PSV      20 N      30  --  F6 L13 G5 K14 F4 M12
S3  : T -111.04c W -99.95c S -10.96c (-30.5 L -28.8) LCB -112.90c P  3.92% WF  25.0 PSV      18 N      25  --  S3 K14 pass F10 pass
D2  : T -111.33c W -99.94c S -11.27c (-30.8 L -29.0) LCB -113.07c P  3.47% WF  25.0 PSV      17 N      25  --  D2 K14 T3 L13
T3  : T -111.54c W -99.95c S -11.26c (-30.7 L -29.0) LCB -113.16c P  3.68% WF  24.0 PSV      16 N      24  --  T3 E9 S4 F10 pass
K5  : T -111.39c W -99.93c S -11.24c (-30.7 L -28.9) LCB -113.35c P  3.17% WF  23.0 PSV      15 N      23  --  K5 L13 T3 K14
E2  : T -111.61c W -99.96c S -11.03c (-30.5 L -28.8) LCB -113.59c P  3.64% WF  22.0 PSV      15 N      22  --  E2 K14 S2 L13 F6
G5  : T -111.37c W -99.95c S -11.61c (-31.1 L -29.3) LCB -113.27c P  3.07% WF  22.0 PSV      15 N      22  --  G5 L13 F4 K14 F6 M12
S2  : T -111.58c W -99.95c S -11.27c (-30.8 L -29.0) LCB -113.72c P  3.56% WF  21.0 PSV      15 N      21  --  S2 K14 E2 L13 F6

2025-02-17 09:41:54+0800: = resign
2025-02-17 09:45:41+0800: GPU -1 finishing, processed 398 rows 327 batches
2025-02-17 09:45:41+0800: GPU -1 finishing, processed 391 rows 331 batches
2025-02-17 09:45:41+0800: GPU -1 finishing, processed 394 rows 326 batches
2025-02-17 09:45:41+0800: GPU -1 finishing, processed 394 rows 330 batches
2025-02-17 09:45:41+0800: All cleaned up, quitting
